2019-08-12T14:59:24.673Z - [info]: Listen port %s
2019-08-12T15:14:24.234Z - [info]: Listen port %s
2019-08-12T15:14:42.986Z - [info]: Listen port %s
2019-08-12T15:15:19.396Z - [info]: Listen port %s
2019-08-12T15:15:41.634Z - [info]: Listen port %s
2019-08-12T15:20:29.919Z - [info]: Listen port %s
2019-08-12T15:21:59.152Z - [info]: Listen port %s
2019-08-12T15:24:45.952Z - [info]: Listen port %s
2019-08-12T15:25:24.958Z - [info]: Listen port %s
2019-08-12T15:26:00.659Z - [info]: Listen port %s
2019-08-12T15:28:48.194Z - [info]: Listen port %s
2019-08-12T15:29:09.089Z - [info]: Listen port %s
2019-08-12T15:29:11.707Z - [info]: Listen port %s
2019-08-12T15:29:25.928Z - [info]: Listen port %s
2019-08-12T15:32:39.060Z - [info]: Listen port %s
2019-08-12T15:32:42.076Z - [info]: Listen port %s
2019-08-12T15:35:28.393Z - [info]: Listen port %s
2019-08-12T15:37:18.189Z - [info]: Listen port %s
2019-08-12T15:37:27.860Z - [info]: Listen port %s
2019-08-12T15:42:06.412Z - [info]: Listen port %s
2019-08-12T15:43:01.227Z - [info]: Listen port %s
2019-08-12T15:43:05.351Z - [info]: Listen port %s
2019-08-12T15:45:26.690Z - [info]: Listen port %s
2019-08-12T15:45:53.680Z - [info]: Listen port %s
2019-08-12T15:46:11.608Z - [info]: Listen port %s
2019-08-12T16:00:34.912Z - [info]: Listen port %s
2019-08-12T16:00:40.901Z - [info]: Listen port %s
2019-08-12T16:02:09.195Z - [info]: Listen port %s
2019-08-12T16:05:40.454Z - [info]: Listen port %s
2019-08-12T16:11:51.840Z - [info]: Listen port %s
2019-08-12T16:15:46.075Z - [info]: Listen port %s
2019-08-12T16:32:26.656Z - [info]: Listen port %s
2019-08-12T16:33:41.516Z - [info]: Listen port %s
2019-08-12T16:33:46.189Z - [info]: Listen port %s
2019-08-12T16:33:57.913Z - [info]: Listen port %s
2019-08-12T16:34:12.122Z - [info]: Listen port %s
2019-08-12T16:34:51.492Z - [info]: Listen port %s
2019-08-12T16:35:53.313Z - [info]: Listen port %s
2019-08-12T16:36:45.226Z - [info]: Listen port %s
2019-08-12T16:36:56.664Z - [info]: Listen port %s
2019-08-12T16:37:31.309Z - [info]: Listen port %s
2019-08-12T16:38:05.481Z - [info]: Listen port %s
2019-08-12T16:40:41.782Z - [info]: Listen port %s
2019-08-12T16:41:00.973Z - [info]: Listen port %s
2019-08-12T16:41:17.337Z - [info]: Listen port %s
2019-08-12T16:41:42.466Z - [info]: Listen port %s
2019-08-12T16:41:58.997Z - [info]: Listen port %s
2019-08-12T16:43:03.613Z - [info]: Listen port %s
2019-08-12T16:43:08.684Z - [info]: Listen port %s
2019-08-12T16:59:29.351Z - [info]: Listen port %s
2019-08-12T16:59:33.164Z - [info]: Listen port %s
2019-08-12T17:07:50.054Z - [info]: Listen port %s
2019-08-12T17:10:41.472Z - [info]: Listen port %s
2019-08-13T14:26:28.912Z - [info]: Listen port %s
2019-08-13T14:57:08.139Z - [info]: Listen port %s
2019-08-13T15:05:18.293Z - [info]: Listen port %s
2019-08-13T15:23:11.330Z - [info]: Listen port %s
2019-08-13T15:32:13.117Z - [info]: Listen port %s
2019-08-13T15:32:25.469Z - [info]: Listen port %s
2019-08-13T15:33:03.029Z - [info]: Listen port %s
2019-08-13T15:33:15.773Z - [info]: Listen port %s
2019-08-13T15:34:40.143Z - [info]: Listen port %s
2019-08-13T15:34:58.694Z - [info]: Listen port %s
2019-08-13T15:35:20.006Z - [info]: Listen port %s
2019-08-13T15:35:38.696Z - [info]: Listen port %s
2019-08-13T15:36:29.654Z - [info]: Listen port %s
2019-08-13T15:36:58.211Z - [info]: Listen port %s
2019-08-13T15:37:10.179Z - [info]: Listen port %s
2019-08-13T15:37:18.213Z - [info]: Listen port %s
2019-08-13T15:37:55.826Z - [info]: Listen port %s
2019-08-13T15:38:32.807Z - [info]: Listen port %s
2019-08-13T15:48:12.287Z - [info]: Listen port %s
2019-08-13T15:48:46.939Z - [info]: Listen port %s
2019-08-13T15:48:49.125Z - [info]: Listen port %s
2019-08-13T15:49:04.799Z - [info]: Listen port %s
2019-08-13T15:49:27.643Z - [info]: Listen port %s
2019-08-13T15:49:40.077Z - [info]: Listen port %s
2019-08-13T15:49:45.752Z - [info]: Listen port %s
2019-08-13T15:49:58.315Z - [info]: Listen port %s
2019-08-13T16:07:39.992Z - [info]: Listen port %s
2019-08-13T16:08:48.404Z - [info]: Listen port %s
2019-08-13T16:11:48.840Z - [info]: Listen port %s
2019-08-13T16:12:09.823Z - [info]: Listen port %s
2019-08-13T16:12:24.283Z - [info]: Listen port %s
2019-08-13T16:13:47.369Z - [info]: Listen port %s
2019-08-13T16:13:59.216Z - [info]: Listen port %s
2019-08-13T16:15:03.030Z - [info]: Listen port %s
2019-08-13T16:15:09.512Z - [info]: Listen port %s
2019-08-13T16:15:50.508Z - [info]: Listen port %s
2019-08-13T16:15:59.359Z - [info]: Listen port %s
2019-08-13T16:16:43.993Z - [info]: Listen port %s
2019-08-13T16:17:53.970Z - [info]: Listen port %s
2019-08-13T16:18:17.243Z - [info]: Listen port %s
2019-08-13T16:19:18.176Z - [info]: Listen port %s
2019-08-13T16:20:09.490Z - [info]: Listen port %s
2019-08-13T16:20:51.122Z - [info]: Listen port %s
2019-08-13T16:21:13.059Z - [info]: Listen port %s
2019-08-13T16:22:26.682Z - [info]: Listen port %s
2019-08-13T16:22:37.528Z - [info]: Listen port %s
2019-08-13T16:22:56.809Z - [info]: Listen port %s
2019-08-13T16:23:15.708Z - [info]: Listen port %s
2019-08-13T16:23:28.838Z - [info]: Listen port %s
2019-08-13T16:23:38.229Z - [info]: Listen port %s
2019-08-13T16:26:35.017Z - [info]: Listen port %s
2019-08-13T16:26:52.938Z - [info]: Listen port %s
2019-08-13T16:27:06.270Z - [info]: Listen port %s
2019-08-13T16:27:15.079Z - [info]: Listen port %s
2019-08-13T16:27:31.661Z - [info]: Listen port %s
2019-08-13T16:27:51.530Z - [info]: Listen port %s
2019-08-13T16:28:22.807Z - [info]: Listen port %s
2019-08-13T16:28:49.195Z - [info]: Listen port %s
2019-08-13T16:29:26.698Z - [info]: Listen port %s
2019-08-13T16:29:43.505Z - [info]: Listen port %s
2019-08-13T16:30:13.667Z - [info]: Listen port %s
2019-08-13T16:30:54.925Z - [info]: Listen port %s
2019-08-13T16:32:22.296Z - [info]: Listen port %s
2019-08-13T16:32:51.435Z - [info]: Listen port %s
2019-08-13T16:33:36.223Z - [info]: Listen port %s
2019-08-13T16:33:43.216Z - [info]: Listen port %s
2019-08-13T16:37:49.954Z - [info]: Listen port %s
2019-08-13T16:38:07.420Z - [info]: Listen port %s
2019-08-13T16:38:47.212Z - [info]: Listen port %s
2019-08-14T02:47:28.235Z - [info]: Listen port %s
2019-08-14T09:37:58.287Z - [info]: Listen port %s
2019-08-14T11:22:26.294Z - [info]: Listen port %s
2019-08-16T02:19:50.156Z - [info]: Listen port %s
2019-08-16T02:20:12.182Z - [info]: 
2019-08-16T02:20:16.117Z - [info]: 
2019-08-16T02:20:16.686Z - [info]: 
2019-08-16T02:20:17.421Z - [info]: 
2019-08-16T02:21:09.056Z - [info]: { _id: 5d561315e6bc5f3cf2ffffac,
  product_name: 'Royaltea - Nguyễn Trọng Tuyển',
  product_description: 'Royaltea - Nguyễn Trọng Tuyển 329/13 Nguyễn Trọng Tuyển, P. 10, Quận Phú Nhuận, TP. HCM',
  product_image: 'https://images.foody.vn/res/g88/873348/prof/s640x400/foody-upload-api-foody-mobile-royaltea-png-181228163836.jpg',
  product_address: '329/13 Nguyễn Trọng Tuyển, P. 10, Quận Phú Nhuận, TP. HCM',
  createdAt: 2019-08-16T02:21:09.051Z,
  updatedAt: 2019-08-16T02:21:09.051Z,
  __v: 0 }
2019-08-16T02:21:10.178Z - [info]: { _id: 5d561315e6bc5f3cf2ffffac,
  product_name: 'Royaltea - Nguyễn Trọng Tuyển',
  product_description: 'Royaltea - Nguyễn Trọng Tuyển 329/13 Nguyễn Trọng Tuyển, P. 10, Quận Phú Nhuận, TP. HCM',
  product_image: 'https://images.foody.vn/res/g88/873348/prof/s640x400/foody-upload-api-foody-mobile-royaltea-png-181228163836.jpg',
  product_address: '329/13 Nguyễn Trọng Tuyển, P. 10, Quận Phú Nhuận, TP. HCM',
  createdAt: 2019-08-16T02:21:09.051Z,
  updatedAt: 2019-08-16T02:21:09.051Z,
  __v: 0 }
2019-08-16T02:21:40.842Z - [info]: { _id: 5d561334e6bc5f3cf2ffffad,
  product_name: 'Nhà Hàng Chay Nấm',
  product_description: 'Royaltea - Nguyễn Trọng Tuyển 329/13 Nguyễn Trọng Tuyển, P. 10, Quận Phú Nhuận, TP. HCM',
  product_image: 'https://images.foody.vn/res/g68/671350/prof/s640x400/foody-upload-api-foody-mobile-17-jpg-180704172159.jpg',
  product_address: '0D Trần Nhật Duật, P. Tân Định, Quận 1, TP. HCM',
  createdAt: 2019-08-16T02:21:40.840Z,
  updatedAt: 2019-08-16T02:21:40.840Z,
  __v: 0 }
2019-08-16T02:21:41.838Z - [info]: { _id: 5d561315e6bc5f3cf2ffffac,
  product_name: 'Royaltea - Nguyễn Trọng Tuyển',
  product_description: 'Royaltea - Nguyễn Trọng Tuyển 329/13 Nguyễn Trọng Tuyển, P. 10, Quận Phú Nhuận, TP. HCM',
  product_image: 'https://images.foody.vn/res/g88/873348/prof/s640x400/foody-upload-api-foody-mobile-royaltea-png-181228163836.jpg',
  product_address: '329/13 Nguyễn Trọng Tuyển, P. 10, Quận Phú Nhuận, TP. HCM',
  createdAt: 2019-08-16T02:21:09.051Z,
  updatedAt: 2019-08-16T02:21:09.051Z,
  __v: 0 },{ _id: 5d561334e6bc5f3cf2ffffad,
  product_name: 'Nhà Hàng Chay Nấm',
  product_description: 'Royaltea - Nguyễn Trọng Tuyển 329/13 Nguyễn Trọng Tuyển, P. 10, Quận Phú Nhuận, TP. HCM',
  product_image: 'https://images.foody.vn/res/g68/671350/prof/s640x400/foody-upload-api-foody-mobile-17-jpg-180704172159.jpg',
  product_address: '0D Trần Nhật Duật, P. Tân Định, Quận 1, TP. HCM',
  createdAt: 2019-08-16T02:21:40.840Z,
  updatedAt: 2019-08-16T02:21:40.840Z,
  __v: 0 }
2019-08-16T02:21:46.046Z - [info]: { _id: 5d561315e6bc5f3cf2ffffac,
  product_name: 'Royaltea - Nguyễn Trọng Tuyển',
  product_description: 'Royaltea - Nguyễn Trọng Tuyển 329/13 Nguyễn Trọng Tuyển, P. 10, Quận Phú Nhuận, TP. HCM',
  product_image: 'https://images.foody.vn/res/g88/873348/prof/s640x400/foody-upload-api-foody-mobile-royaltea-png-181228163836.jpg',
  product_address: '329/13 Nguyễn Trọng Tuyển, P. 10, Quận Phú Nhuận, TP. HCM',
  createdAt: 2019-08-16T02:21:09.051Z,
  updatedAt: 2019-08-16T02:21:09.051Z,
  __v: 0 },{ _id: 5d561334e6bc5f3cf2ffffad,
  product_name: 'Nhà Hàng Chay Nấm',
  product_description: 'Royaltea - Nguyễn Trọng Tuyển 329/13 Nguyễn Trọng Tuyển, P. 10, Quận Phú Nhuận, TP. HCM',
  product_image: 'https://images.foody.vn/res/g68/671350/prof/s640x400/foody-upload-api-foody-mobile-17-jpg-180704172159.jpg',
  product_address: '0D Trần Nhật Duật, P. Tân Định, Quận 1, TP. HCM',
  createdAt: 2019-08-16T02:21:40.840Z,
  updatedAt: 2019-08-16T02:21:40.840Z,
  __v: 0 }
2019-08-16T02:21:47.804Z - [info]: { _id: 5d561315e6bc5f3cf2ffffac,
  product_name: 'Royaltea - Nguyễn Trọng Tuyển',
  product_description: 'Royaltea - Nguyễn Trọng Tuyển 329/13 Nguyễn Trọng Tuyển, P. 10, Quận Phú Nhuận, TP. HCM',
  product_image: 'https://images.foody.vn/res/g88/873348/prof/s640x400/foody-upload-api-foody-mobile-royaltea-png-181228163836.jpg',
  product_address: '329/13 Nguyễn Trọng Tuyển, P. 10, Quận Phú Nhuận, TP. HCM',
  createdAt: 2019-08-16T02:21:09.051Z,
  updatedAt: 2019-08-16T02:21:09.051Z,
  __v: 0 },{ _id: 5d561334e6bc5f3cf2ffffad,
  product_name: 'Nhà Hàng Chay Nấm',
  product_description: 'Royaltea - Nguyễn Trọng Tuyển 329/13 Nguyễn Trọng Tuyển, P. 10, Quận Phú Nhuận, TP. HCM',
  product_image: 'https://images.foody.vn/res/g68/671350/prof/s640x400/foody-upload-api-foody-mobile-17-jpg-180704172159.jpg',
  product_address: '0D Trần Nhật Duật, P. Tân Định, Quận 1, TP. HCM',
  createdAt: 2019-08-16T02:21:40.840Z,
  updatedAt: 2019-08-16T02:21:40.840Z,
  __v: 0 }
2019-08-16T02:21:56.006Z - [info]: { _id: 5d561334e6bc5f3cf2ffffad,
  product_name: 'Nhà Hàng Chay Nấm',
  product_description: 'Royaltea - Nguyễn Trọng Tuyển 329/13 Nguyễn Trọng Tuyển, P. 10, Quận Phú Nhuận, TP. HCM',
  product_image: 'https://images.foody.vn/res/g68/671350/prof/s640x400/foody-upload-api-foody-mobile-17-jpg-180704172159.jpg',
  product_address: '0D Trần Nhật Duật, P. Tân Định, Quận 1, TP. HCM',
  createdAt: 2019-08-16T02:21:40.840Z,
  updatedAt: 2019-08-16T02:21:40.840Z,
  __v: 0 }
2019-08-16T02:22:01.250Z - [info]: { _id: 5d561315e6bc5f3cf2ffffac,
  product_name: 'Royaltea - Nguyễn Trọng Tuyển',
  product_description: 'Royaltea - Nguyễn Trọng Tuyển 329/13 Nguyễn Trọng Tuyển, P. 10, Quận Phú Nhuận, TP. HCM',
  product_image: 'https://images.foody.vn/res/g88/873348/prof/s640x400/foody-upload-api-foody-mobile-royaltea-png-181228163836.jpg',
  product_address: '329/13 Nguyễn Trọng Tuyển, P. 10, Quận Phú Nhuận, TP. HCM',
  createdAt: 2019-08-16T02:21:09.051Z,
  updatedAt: 2019-08-16T02:21:09.051Z,
  __v: 0 },{ _id: 5d561334e6bc5f3cf2ffffad,
  product_name: 'Nhà Hàng Chay Nấm',
  product_description: 'Royaltea - Nguyễn Trọng Tuyển 329/13 Nguyễn Trọng Tuyển, P. 10, Quận Phú Nhuận, TP. HCM',
  product_image: 'https://images.foody.vn/res/g68/671350/prof/s640x400/foody-upload-api-foody-mobile-17-jpg-180704172159.jpg',
  product_address: '0D Trần Nhật Duật, P. Tân Định, Quận 1, TP. HCM',
  createdAt: 2019-08-16T02:21:40.840Z,
  updatedAt: 2019-08-16T02:21:40.840Z,
  __v: 0 }
2019-08-16T02:22:03.456Z - [info]: { _id: 5d561315e6bc5f3cf2ffffac,
  product_name: 'Royaltea - Nguyễn Trọng Tuyển',
  product_description: 'Royaltea - Nguyễn Trọng Tuyển 329/13 Nguyễn Trọng Tuyển, P. 10, Quận Phú Nhuận, TP. HCM',
  product_image: 'https://images.foody.vn/res/g88/873348/prof/s640x400/foody-upload-api-foody-mobile-royaltea-png-181228163836.jpg',
  product_address: '329/13 Nguyễn Trọng Tuyển, P. 10, Quận Phú Nhuận, TP. HCM',
  createdAt: 2019-08-16T02:21:09.051Z,
  updatedAt: 2019-08-16T02:21:09.051Z,
  __v: 0 },{ _id: 5d561334e6bc5f3cf2ffffad,
  product_name: 'Nhà Hàng Chay Nấm',
  product_description: 'Royaltea - Nguyễn Trọng Tuyển 329/13 Nguyễn Trọng Tuyển, P. 10, Quận Phú Nhuận, TP. HCM',
  product_image: 'https://images.foody.vn/res/g68/671350/prof/s640x400/foody-upload-api-foody-mobile-17-jpg-180704172159.jpg',
  product_address: '0D Trần Nhật Duật, P. Tân Định, Quận 1, TP. HCM',
  createdAt: 2019-08-16T02:21:40.840Z,
  updatedAt: 2019-08-16T02:21:40.840Z,
  __v: 0 }
2019-08-16T02:22:04.035Z - [info]: { _id: 5d561315e6bc5f3cf2ffffac,
  product_name: 'Royaltea - Nguyễn Trọng Tuyển',
  product_description: 'Royaltea - Nguyễn Trọng Tuyển 329/13 Nguyễn Trọng Tuyển, P. 10, Quận Phú Nhuận, TP. HCM',
  product_image: 'https://images.foody.vn/res/g88/873348/prof/s640x400/foody-upload-api-foody-mobile-royaltea-png-181228163836.jpg',
  product_address: '329/13 Nguyễn Trọng Tuyển, P. 10, Quận Phú Nhuận, TP. HCM',
  createdAt: 2019-08-16T02:21:09.051Z,
  updatedAt: 2019-08-16T02:21:09.051Z,
  __v: 0 },{ _id: 5d561334e6bc5f3cf2ffffad,
  product_name: 'Nhà Hàng Chay Nấm',
  product_description: 'Royaltea - Nguyễn Trọng Tuyển 329/13 Nguyễn Trọng Tuyển, P. 10, Quận Phú Nhuận, TP. HCM',
  product_image: 'https://images.foody.vn/res/g68/671350/prof/s640x400/foody-upload-api-foody-mobile-17-jpg-180704172159.jpg',
  product_address: '0D Trần Nhật Duật, P. Tân Định, Quận 1, TP. HCM',
  createdAt: 2019-08-16T02:21:40.840Z,
  updatedAt: 2019-08-16T02:21:40.840Z,
  __v: 0 }
2019-08-16T02:22:04.682Z - [info]: { _id: 5d561315e6bc5f3cf2ffffac,
  product_name: 'Royaltea - Nguyễn Trọng Tuyển',
  product_description: 'Royaltea - Nguyễn Trọng Tuyển 329/13 Nguyễn Trọng Tuyển, P. 10, Quận Phú Nhuận, TP. HCM',
  product_image: 'https://images.foody.vn/res/g88/873348/prof/s640x400/foody-upload-api-foody-mobile-royaltea-png-181228163836.jpg',
  product_address: '329/13 Nguyễn Trọng Tuyển, P. 10, Quận Phú Nhuận, TP. HCM',
  createdAt: 2019-08-16T02:21:09.051Z,
  updatedAt: 2019-08-16T02:21:09.051Z,
  __v: 0 },{ _id: 5d561334e6bc5f3cf2ffffad,
  product_name: 'Nhà Hàng Chay Nấm',
  product_description: 'Royaltea - Nguyễn Trọng Tuyển 329/13 Nguyễn Trọng Tuyển, P. 10, Quận Phú Nhuận, TP. HCM',
  product_image: 'https://images.foody.vn/res/g68/671350/prof/s640x400/foody-upload-api-foody-mobile-17-jpg-180704172159.jpg',
  product_address: '0D Trần Nhật Duật, P. Tân Định, Quận 1, TP. HCM',
  createdAt: 2019-08-16T02:21:40.840Z,
  updatedAt: 2019-08-16T02:21:40.840Z,
  __v: 0 }
2019-08-16T02:22:05.317Z - [info]: { _id: 5d561315e6bc5f3cf2ffffac,
  product_name: 'Royaltea - Nguyễn Trọng Tuyển',
  product_description: 'Royaltea - Nguyễn Trọng Tuyển 329/13 Nguyễn Trọng Tuyển, P. 10, Quận Phú Nhuận, TP. HCM',
  product_image: 'https://images.foody.vn/res/g88/873348/prof/s640x400/foody-upload-api-foody-mobile-royaltea-png-181228163836.jpg',
  product_address: '329/13 Nguyễn Trọng Tuyển, P. 10, Quận Phú Nhuận, TP. HCM',
  createdAt: 2019-08-16T02:21:09.051Z,
  updatedAt: 2019-08-16T02:21:09.051Z,
  __v: 0 },{ _id: 5d561334e6bc5f3cf2ffffad,
  product_name: 'Nhà Hàng Chay Nấm',
  product_description: 'Royaltea - Nguyễn Trọng Tuyển 329/13 Nguyễn Trọng Tuyển, P. 10, Quận Phú Nhuận, TP. HCM',
  product_image: 'https://images.foody.vn/res/g68/671350/prof/s640x400/foody-upload-api-foody-mobile-17-jpg-180704172159.jpg',
  product_address: '0D Trần Nhật Duật, P. Tân Định, Quận 1, TP. HCM',
  createdAt: 2019-08-16T02:21:40.840Z,
  updatedAt: 2019-08-16T02:21:40.840Z,
  __v: 0 }
2019-08-16T02:22:10.669Z - [info]: { _id: 5d561315e6bc5f3cf2ffffac,
  product_name: 'Royaltea - Nguyễn Trọng Tuyển',
  product_description: 'Royaltea - Nguyễn Trọng Tuyển 329/13 Nguyễn Trọng Tuyển, P. 10, Quận Phú Nhuận, TP. HCM',
  product_image: 'https://images.foody.vn/res/g88/873348/prof/s640x400/foody-upload-api-foody-mobile-royaltea-png-181228163836.jpg',
  product_address: '329/13 Nguyễn Trọng Tuyển, P. 10, Quận Phú Nhuận, TP. HCM',
  createdAt: 2019-08-16T02:21:09.051Z,
  updatedAt: 2019-08-16T02:21:09.051Z,
  __v: 0 },{ _id: 5d561334e6bc5f3cf2ffffad,
  product_name: 'Nhà Hàng Chay Nấm',
  product_description: 'Royaltea - Nguyễn Trọng Tuyển 329/13 Nguyễn Trọng Tuyển, P. 10, Quận Phú Nhuận, TP. HCM',
  product_image: 'https://images.foody.vn/res/g68/671350/prof/s640x400/foody-upload-api-foody-mobile-17-jpg-180704172159.jpg',
  product_address: '0D Trần Nhật Duật, P. Tân Định, Quận 1, TP. HCM',
  createdAt: 2019-08-16T02:21:40.840Z,
  updatedAt: 2019-08-16T02:21:40.840Z,
  __v: 0 }
2019-08-16T02:22:52.971Z - [info]: { _id: 5d561315e6bc5f3cf2ffffac,
  product_name: 'Royaltea - Nguyễn Trọng Tuyển',
  product_description: 'Royaltea - Nguyễn Trọng Tuyển 329/13 Nguyễn Trọng Tuyển, P. 10, Quận Phú Nhuận, TP. HCM',
  product_image: 'https://images.foody.vn/res/g88/873348/prof/s640x400/foody-upload-api-foody-mobile-royaltea-png-181228163836.jpg',
  product_address: '329/13 Nguyễn Trọng Tuyển, P. 10, Quận Phú Nhuận, TP. HCM',
  createdAt: 2019-08-16T02:21:09.051Z,
  updatedAt: 2019-08-16T02:21:09.051Z,
  __v: 0 },{ _id: 5d561334e6bc5f3cf2ffffad,
  product_name: 'Nhà Hàng Chay Nấm',
  product_description: 'Royaltea - Nguyễn Trọng Tuyển 329/13 Nguyễn Trọng Tuyển, P. 10, Quận Phú Nhuận, TP. HCM',
  product_image: 'https://images.foody.vn/res/g68/671350/prof/s640x400/foody-upload-api-foody-mobile-17-jpg-180704172159.jpg',
  product_address: '0D Trần Nhật Duật, P. Tân Định, Quận 1, TP. HCM',
  createdAt: 2019-08-16T02:21:40.840Z,
  updatedAt: 2019-08-16T02:21:40.840Z,
  __v: 0 }
2019-08-16T02:23:59.750Z - [info]: { _id: 5d561315e6bc5f3cf2ffffac,
  product_name: 'Royaltea - Nguyễn Trọng Tuyển',
  product_description: 'Royaltea - Nguyễn Trọng Tuyển 329/13 Nguyễn Trọng Tuyển, P. 10, Quận Phú Nhuận, TP. HCM',
  product_image: 'https://images.foody.vn/res/g88/873348/prof/s640x400/foody-upload-api-foody-mobile-royaltea-png-181228163836.jpg',
  product_address: '329/13 Nguyễn Trọng Tuyển, P. 10, Quận Phú Nhuận, TP. HCM',
  createdAt: 2019-08-16T02:21:09.051Z,
  updatedAt: 2019-08-16T02:21:09.051Z,
  __v: 0 },{ _id: 5d561334e6bc5f3cf2ffffad,
  product_name: 'Nhà Hàng Chay Nấm',
  product_description: 'Royaltea - Nguyễn Trọng Tuyển 329/13 Nguyễn Trọng Tuyển, P. 10, Quận Phú Nhuận, TP. HCM',
  product_image: 'https://images.foody.vn/res/g68/671350/prof/s640x400/foody-upload-api-foody-mobile-17-jpg-180704172159.jpg',
  product_address: '0D Trần Nhật Duật, P. Tân Định, Quận 1, TP. HCM',
  createdAt: 2019-08-16T02:21:40.840Z,
  updatedAt: 2019-08-16T02:21:40.840Z,
  __v: 0 }
2019-08-16T02:24:37.271Z - [info]: { _id: 5d561315e6bc5f3cf2ffffac,
  product_name: 'Royaltea - Nguyễn Trọng Tuyển',
  product_description: 'Royaltea - Nguyễn Trọng Tuyển 329/13 Nguyễn Trọng Tuyển, P. 10, Quận Phú Nhuận, TP. HCM',
  product_image: 'https://images.foody.vn/res/g88/873348/prof/s640x400/foody-upload-api-foody-mobile-royaltea-png-181228163836.jpg',
  product_address: '329/13 Nguyễn Trọng Tuyển, P. 10, Quận Phú Nhuận, TP. HCM',
  createdAt: 2019-08-16T02:21:09.051Z,
  updatedAt: 2019-08-16T02:21:09.051Z,
  __v: 0 },{ _id: 5d561334e6bc5f3cf2ffffad,
  product_name: 'Nhà Hàng Chay Nấm',
  product_description: 'Royaltea - Nguyễn Trọng Tuyển 329/13 Nguyễn Trọng Tuyển, P. 10, Quận Phú Nhuận, TP. HCM',
  product_image: 'https://images.foody.vn/res/g68/671350/prof/s640x400/foody-upload-api-foody-mobile-17-jpg-180704172159.jpg',
  product_address: '0D Trần Nhật Duật, P. Tân Định, Quận 1, TP. HCM',
  createdAt: 2019-08-16T02:21:40.840Z,
  updatedAt: 2019-08-16T02:21:40.840Z,
  __v: 0 }
2019-08-16T02:24:50.266Z - [info]: { _id: 5d561315e6bc5f3cf2ffffac,
  product_name: 'Royaltea - Nguyễn Trọng Tuyển',
  product_description: 'Royaltea - Nguyễn Trọng Tuyển 329/13 Nguyễn Trọng Tuyển, P. 10, Quận Phú Nhuận, TP. HCM',
  product_image: 'https://images.foody.vn/res/g88/873348/prof/s640x400/foody-upload-api-foody-mobile-royaltea-png-181228163836.jpg',
  product_address: '329/13 Nguyễn Trọng Tuyển, P. 10, Quận Phú Nhuận, TP. HCM',
  createdAt: 2019-08-16T02:21:09.051Z,
  updatedAt: 2019-08-16T02:21:09.051Z,
  __v: 0 },{ _id: 5d561334e6bc5f3cf2ffffad,
  product_name: 'Nhà Hàng Chay Nấm',
  product_description: 'Royaltea - Nguyễn Trọng Tuyển 329/13 Nguyễn Trọng Tuyển, P. 10, Quận Phú Nhuận, TP. HCM',
  product_image: 'https://images.foody.vn/res/g68/671350/prof/s640x400/foody-upload-api-foody-mobile-17-jpg-180704172159.jpg',
  product_address: '0D Trần Nhật Duật, P. Tân Định, Quận 1, TP. HCM',
  createdAt: 2019-08-16T02:21:40.840Z,
  updatedAt: 2019-08-16T02:21:40.840Z,
  __v: 0 }
2019-08-16T02:25:11.095Z - [info]: { _id: 5d561315e6bc5f3cf2ffffac,
  product_name: 'Royaltea - Nguyễn Trọng Tuyển',
  product_description: 'Royaltea - Nguyễn Trọng Tuyển 329/13 Nguyễn Trọng Tuyển, P. 10, Quận Phú Nhuận, TP. HCM',
  product_image: 'https://images.foody.vn/res/g88/873348/prof/s640x400/foody-upload-api-foody-mobile-royaltea-png-181228163836.jpg',
  product_address: '329/13 Nguyễn Trọng Tuyển, P. 10, Quận Phú Nhuận, TP. HCM',
  createdAt: 2019-08-16T02:21:09.051Z,
  updatedAt: 2019-08-16T02:21:09.051Z,
  __v: 0 },{ _id: 5d561334e6bc5f3cf2ffffad,
  product_name: 'Nhà Hàng Chay Nấm',
  product_description: 'Royaltea - Nguyễn Trọng Tuyển 329/13 Nguyễn Trọng Tuyển, P. 10, Quận Phú Nhuận, TP. HCM',
  product_image: 'https://images.foody.vn/res/g68/671350/prof/s640x400/foody-upload-api-foody-mobile-17-jpg-180704172159.jpg',
  product_address: '0D Trần Nhật Duật, P. Tân Định, Quận 1, TP. HCM',
  createdAt: 2019-08-16T02:21:40.840Z,
  updatedAt: 2019-08-16T02:21:40.840Z,
  __v: 0 }
2019-08-16T02:26:02.329Z - [info]: { _id: 5d561315e6bc5f3cf2ffffac,
  product_name: 'Royaltea - Nguyễn Trọng Tuyển',
  product_description: 'Royaltea - Nguyễn Trọng Tuyển 329/13 Nguyễn Trọng Tuyển, P. 10, Quận Phú Nhuận, TP. HCM',
  product_image: 'https://images.foody.vn/res/g88/873348/prof/s640x400/foody-upload-api-foody-mobile-royaltea-png-181228163836.jpg',
  product_address: '329/13 Nguyễn Trọng Tuyển, P. 10, Quận Phú Nhuận, TP. HCM',
  createdAt: 2019-08-16T02:21:09.051Z,
  updatedAt: 2019-08-16T02:21:09.051Z,
  __v: 0 },{ _id: 5d561334e6bc5f3cf2ffffad,
  product_name: 'Nhà Hàng Chay Nấm',
  product_description: 'Royaltea - Nguyễn Trọng Tuyển 329/13 Nguyễn Trọng Tuyển, P. 10, Quận Phú Nhuận, TP. HCM',
  product_image: 'https://images.foody.vn/res/g68/671350/prof/s640x400/foody-upload-api-foody-mobile-17-jpg-180704172159.jpg',
  product_address: '0D Trần Nhật Duật, P. Tân Định, Quận 1, TP. HCM',
  createdAt: 2019-08-16T02:21:40.840Z,
  updatedAt: 2019-08-16T02:21:40.840Z,
  __v: 0 }
2019-08-16T02:27:00.373Z - [info]: { _id: 5d561315e6bc5f3cf2ffffac,
  product_name: 'Royaltea - Nguyễn Trọng Tuyển',
  product_description: 'Royaltea - Nguyễn Trọng Tuyển 329/13 Nguyễn Trọng Tuyển, P. 10, Quận Phú Nhuận, TP. HCM',
  product_image: 'https://images.foody.vn/res/g88/873348/prof/s640x400/foody-upload-api-foody-mobile-royaltea-png-181228163836.jpg',
  product_address: '329/13 Nguyễn Trọng Tuyển, P. 10, Quận Phú Nhuận, TP. HCM',
  createdAt: 2019-08-16T02:21:09.051Z,
  updatedAt: 2019-08-16T02:21:09.051Z,
  __v: 0 },{ _id: 5d561334e6bc5f3cf2ffffad,
  product_name: 'Nhà Hàng Chay Nấm',
  product_description: 'Royaltea - Nguyễn Trọng Tuyển 329/13 Nguyễn Trọng Tuyển, P. 10, Quận Phú Nhuận, TP. HCM',
  product_image: 'https://images.foody.vn/res/g68/671350/prof/s640x400/foody-upload-api-foody-mobile-17-jpg-180704172159.jpg',
  product_address: '0D Trần Nhật Duật, P. Tân Định, Quận 1, TP. HCM',
  createdAt: 2019-08-16T02:21:40.840Z,
  updatedAt: 2019-08-16T02:21:40.840Z,
  __v: 0 }
2019-08-16T02:27:02.429Z - [info]: { _id: 5d561315e6bc5f3cf2ffffac,
  product_name: 'Royaltea - Nguyễn Trọng Tuyển',
  product_description: 'Royaltea - Nguyễn Trọng Tuyển 329/13 Nguyễn Trọng Tuyển, P. 10, Quận Phú Nhuận, TP. HCM',
  product_image: 'https://images.foody.vn/res/g88/873348/prof/s640x400/foody-upload-api-foody-mobile-royaltea-png-181228163836.jpg',
  product_address: '329/13 Nguyễn Trọng Tuyển, P. 10, Quận Phú Nhuận, TP. HCM',
  createdAt: 2019-08-16T02:21:09.051Z,
  updatedAt: 2019-08-16T02:21:09.051Z,
  __v: 0 },{ _id: 5d561334e6bc5f3cf2ffffad,
  product_name: 'Nhà Hàng Chay Nấm',
  product_description: 'Royaltea - Nguyễn Trọng Tuyển 329/13 Nguyễn Trọng Tuyển, P. 10, Quận Phú Nhuận, TP. HCM',
  product_image: 'https://images.foody.vn/res/g68/671350/prof/s640x400/foody-upload-api-foody-mobile-17-jpg-180704172159.jpg',
  product_address: '0D Trần Nhật Duật, P. Tân Định, Quận 1, TP. HCM',
  createdAt: 2019-08-16T02:21:40.840Z,
  updatedAt: 2019-08-16T02:21:40.840Z,
  __v: 0 }
2019-08-16T02:27:04.580Z - [info]: { _id: 5d561315e6bc5f3cf2ffffac,
  product_name: 'Royaltea - Nguyễn Trọng Tuyển',
  product_description: 'Royaltea - Nguyễn Trọng Tuyển 329/13 Nguyễn Trọng Tuyển, P. 10, Quận Phú Nhuận, TP. HCM',
  product_image: 'https://images.foody.vn/res/g88/873348/prof/s640x400/foody-upload-api-foody-mobile-royaltea-png-181228163836.jpg',
  product_address: '329/13 Nguyễn Trọng Tuyển, P. 10, Quận Phú Nhuận, TP. HCM',
  createdAt: 2019-08-16T02:21:09.051Z,
  updatedAt: 2019-08-16T02:21:09.051Z,
  __v: 0 },{ _id: 5d561334e6bc5f3cf2ffffad,
  product_name: 'Nhà Hàng Chay Nấm',
  product_description: 'Royaltea - Nguyễn Trọng Tuyển 329/13 Nguyễn Trọng Tuyển, P. 10, Quận Phú Nhuận, TP. HCM',
  product_image: 'https://images.foody.vn/res/g68/671350/prof/s640x400/foody-upload-api-foody-mobile-17-jpg-180704172159.jpg',
  product_address: '0D Trần Nhật Duật, P. Tân Định, Quận 1, TP. HCM',
  createdAt: 2019-08-16T02:21:40.840Z,
  updatedAt: 2019-08-16T02:21:40.840Z,
  __v: 0 }
2019-08-16T02:27:05.381Z - [info]: { _id: 5d561315e6bc5f3cf2ffffac,
  product_name: 'Royaltea - Nguyễn Trọng Tuyển',
  product_description: 'Royaltea - Nguyễn Trọng Tuyển 329/13 Nguyễn Trọng Tuyển, P. 10, Quận Phú Nhuận, TP. HCM',
  product_image: 'https://images.foody.vn/res/g88/873348/prof/s640x400/foody-upload-api-foody-mobile-royaltea-png-181228163836.jpg',
  product_address: '329/13 Nguyễn Trọng Tuyển, P. 10, Quận Phú Nhuận, TP. HCM',
  createdAt: 2019-08-16T02:21:09.051Z,
  updatedAt: 2019-08-16T02:21:09.051Z,
  __v: 0 },{ _id: 5d561334e6bc5f3cf2ffffad,
  product_name: 'Nhà Hàng Chay Nấm',
  product_description: 'Royaltea - Nguyễn Trọng Tuyển 329/13 Nguyễn Trọng Tuyển, P. 10, Quận Phú Nhuận, TP. HCM',
  product_image: 'https://images.foody.vn/res/g68/671350/prof/s640x400/foody-upload-api-foody-mobile-17-jpg-180704172159.jpg',
  product_address: '0D Trần Nhật Duật, P. Tân Định, Quận 1, TP. HCM',
  createdAt: 2019-08-16T02:21:40.840Z,
  updatedAt: 2019-08-16T02:21:40.840Z,
  __v: 0 }
2019-08-16T02:27:06.354Z - [info]: { _id: 5d561315e6bc5f3cf2ffffac,
  product_name: 'Royaltea - Nguyễn Trọng Tuyển',
  product_description: 'Royaltea - Nguyễn Trọng Tuyển 329/13 Nguyễn Trọng Tuyển, P. 10, Quận Phú Nhuận, TP. HCM',
  product_image: 'https://images.foody.vn/res/g88/873348/prof/s640x400/foody-upload-api-foody-mobile-royaltea-png-181228163836.jpg',
  product_address: '329/13 Nguyễn Trọng Tuyển, P. 10, Quận Phú Nhuận, TP. HCM',
  createdAt: 2019-08-16T02:21:09.051Z,
  updatedAt: 2019-08-16T02:21:09.051Z,
  __v: 0 },{ _id: 5d561334e6bc5f3cf2ffffad,
  product_name: 'Nhà Hàng Chay Nấm',
  product_description: 'Royaltea - Nguyễn Trọng Tuyển 329/13 Nguyễn Trọng Tuyển, P. 10, Quận Phú Nhuận, TP. HCM',
  product_image: 'https://images.foody.vn/res/g68/671350/prof/s640x400/foody-upload-api-foody-mobile-17-jpg-180704172159.jpg',
  product_address: '0D Trần Nhật Duật, P. Tân Định, Quận 1, TP. HCM',
  createdAt: 2019-08-16T02:21:40.840Z,
  updatedAt: 2019-08-16T02:21:40.840Z,
  __v: 0 }
2019-08-16T02:27:06.931Z - [info]: { _id: 5d561315e6bc5f3cf2ffffac,
  product_name: 'Royaltea - Nguyễn Trọng Tuyển',
  product_description: 'Royaltea - Nguyễn Trọng Tuyển 329/13 Nguyễn Trọng Tuyển, P. 10, Quận Phú Nhuận, TP. HCM',
  product_image: 'https://images.foody.vn/res/g88/873348/prof/s640x400/foody-upload-api-foody-mobile-royaltea-png-181228163836.jpg',
  product_address: '329/13 Nguyễn Trọng Tuyển, P. 10, Quận Phú Nhuận, TP. HCM',
  createdAt: 2019-08-16T02:21:09.051Z,
  updatedAt: 2019-08-16T02:21:09.051Z,
  __v: 0 },{ _id: 5d561334e6bc5f3cf2ffffad,
  product_name: 'Nhà Hàng Chay Nấm',
  product_description: 'Royaltea - Nguyễn Trọng Tuyển 329/13 Nguyễn Trọng Tuyển, P. 10, Quận Phú Nhuận, TP. HCM',
  product_image: 'https://images.foody.vn/res/g68/671350/prof/s640x400/foody-upload-api-foody-mobile-17-jpg-180704172159.jpg',
  product_address: '0D Trần Nhật Duật, P. Tân Định, Quận 1, TP. HCM',
  createdAt: 2019-08-16T02:21:40.840Z,
  updatedAt: 2019-08-16T02:21:40.840Z,
  __v: 0 }
2019-08-16T02:27:07.383Z - [info]: { _id: 5d561315e6bc5f3cf2ffffac,
  product_name: 'Royaltea - Nguyễn Trọng Tuyển',
  product_description: 'Royaltea - Nguyễn Trọng Tuyển 329/13 Nguyễn Trọng Tuyển, P. 10, Quận Phú Nhuận, TP. HCM',
  product_image: 'https://images.foody.vn/res/g88/873348/prof/s640x400/foody-upload-api-foody-mobile-royaltea-png-181228163836.jpg',
  product_address: '329/13 Nguyễn Trọng Tuyển, P. 10, Quận Phú Nhuận, TP. HCM',
  createdAt: 2019-08-16T02:21:09.051Z,
  updatedAt: 2019-08-16T02:21:09.051Z,
  __v: 0 },{ _id: 5d561334e6bc5f3cf2ffffad,
  product_name: 'Nhà Hàng Chay Nấm',
  product_description: 'Royaltea - Nguyễn Trọng Tuyển 329/13 Nguyễn Trọng Tuyển, P. 10, Quận Phú Nhuận, TP. HCM',
  product_image: 'https://images.foody.vn/res/g68/671350/prof/s640x400/foody-upload-api-foody-mobile-17-jpg-180704172159.jpg',
  product_address: '0D Trần Nhật Duật, P. Tân Định, Quận 1, TP. HCM',
  createdAt: 2019-08-16T02:21:40.840Z,
  updatedAt: 2019-08-16T02:21:40.840Z,
  __v: 0 }
2019-08-16T02:27:08.365Z - [info]: { _id: 5d561315e6bc5f3cf2ffffac,
  product_name: 'Royaltea - Nguyễn Trọng Tuyển',
  product_description: 'Royaltea - Nguyễn Trọng Tuyển 329/13 Nguyễn Trọng Tuyển, P. 10, Quận Phú Nhuận, TP. HCM',
  product_image: 'https://images.foody.vn/res/g88/873348/prof/s640x400/foody-upload-api-foody-mobile-royaltea-png-181228163836.jpg',
  product_address: '329/13 Nguyễn Trọng Tuyển, P. 10, Quận Phú Nhuận, TP. HCM',
  createdAt: 2019-08-16T02:21:09.051Z,
  updatedAt: 2019-08-16T02:21:09.051Z,
  __v: 0 },{ _id: 5d561334e6bc5f3cf2ffffad,
  product_name: 'Nhà Hàng Chay Nấm',
  product_description: 'Royaltea - Nguyễn Trọng Tuyển 329/13 Nguyễn Trọng Tuyển, P. 10, Quận Phú Nhuận, TP. HCM',
  product_image: 'https://images.foody.vn/res/g68/671350/prof/s640x400/foody-upload-api-foody-mobile-17-jpg-180704172159.jpg',
  product_address: '0D Trần Nhật Duật, P. Tân Định, Quận 1, TP. HCM',
  createdAt: 2019-08-16T02:21:40.840Z,
  updatedAt: 2019-08-16T02:21:40.840Z,
  __v: 0 }
2019-08-16T02:27:10.676Z - [info]: { _id: 5d561315e6bc5f3cf2ffffac,
  product_name: 'Royaltea - Nguyễn Trọng Tuyển',
  product_description: 'Royaltea - Nguyễn Trọng Tuyển 329/13 Nguyễn Trọng Tuyển, P. 10, Quận Phú Nhuận, TP. HCM',
  product_image: 'https://images.foody.vn/res/g88/873348/prof/s640x400/foody-upload-api-foody-mobile-royaltea-png-181228163836.jpg',
  product_address: '329/13 Nguyễn Trọng Tuyển, P. 10, Quận Phú Nhuận, TP. HCM',
  createdAt: 2019-08-16T02:21:09.051Z,
  updatedAt: 2019-08-16T02:21:09.051Z,
  __v: 0 }
2019-08-16T02:27:17.177Z - [info]: { _id: 5d561315e6bc5f3cf2ffffac,
  product_name: 'Royaltea - Nguyễn Trọng Tuyển',
  product_description: 'Royaltea - Nguyễn Trọng Tuyển 329/13 Nguyễn Trọng Tuyển, P. 10, Quận Phú Nhuận, TP. HCM',
  product_image: 'https://images.foody.vn/res/g88/873348/prof/s640x400/foody-upload-api-foody-mobile-royaltea-png-181228163836.jpg',
  product_address: '329/13 Nguyễn Trọng Tuyển, P. 10, Quận Phú Nhuận, TP. HCM',
  createdAt: 2019-08-16T02:21:09.051Z,
  updatedAt: 2019-08-16T02:21:09.051Z,
  __v: 0 },{ _id: 5d561334e6bc5f3cf2ffffad,
  product_name: 'Nhà Hàng Chay Nấm',
  product_description: 'Royaltea - Nguyễn Trọng Tuyển 329/13 Nguyễn Trọng Tuyển, P. 10, Quận Phú Nhuận, TP. HCM',
  product_image: 'https://images.foody.vn/res/g68/671350/prof/s640x400/foody-upload-api-foody-mobile-17-jpg-180704172159.jpg',
  product_address: '0D Trần Nhật Duật, P. Tân Định, Quận 1, TP. HCM',
  createdAt: 2019-08-16T02:21:40.840Z,
  updatedAt: 2019-08-16T02:21:40.840Z,
  __v: 0 }
2019-08-16T02:27:49.909Z - [info]: { _id: 5d561315e6bc5f3cf2ffffac,
  product_name: 'Royaltea - Nguyễn Trọng Tuyển',
  product_description: 'Royaltea - Nguyễn Trọng Tuyển 329/13 Nguyễn Trọng Tuyển, P. 10, Quận Phú Nhuận, TP. HCM',
  product_image: 'https://images.foody.vn/res/g88/873348/prof/s640x400/foody-upload-api-foody-mobile-royaltea-png-181228163836.jpg',
  product_address: '329/13 Nguyễn Trọng Tuyển, P. 10, Quận Phú Nhuận, TP. HCM',
  createdAt: 2019-08-16T02:21:09.051Z,
  updatedAt: 2019-08-16T02:21:09.051Z,
  __v: 0 },{ _id: 5d561334e6bc5f3cf2ffffad,
  product_name: 'Nhà Hàng Chay Nấm',
  product_description: 'Royaltea - Nguyễn Trọng Tuyển 329/13 Nguyễn Trọng Tuyển, P. 10, Quận Phú Nhuận, TP. HCM',
  product_image: 'https://images.foody.vn/res/g68/671350/prof/s640x400/foody-upload-api-foody-mobile-17-jpg-180704172159.jpg',
  product_address: '0D Trần Nhật Duật, P. Tân Định, Quận 1, TP. HCM',
  createdAt: 2019-08-16T02:21:40.840Z,
  updatedAt: 2019-08-16T02:21:40.840Z,
  __v: 0 }
2019-08-16T02:27:50.582Z - [info]: { _id: 5d561315e6bc5f3cf2ffffac,
  product_name: 'Royaltea - Nguyễn Trọng Tuyển',
  product_description: 'Royaltea - Nguyễn Trọng Tuyển 329/13 Nguyễn Trọng Tuyển, P. 10, Quận Phú Nhuận, TP. HCM',
  product_image: 'https://images.foody.vn/res/g88/873348/prof/s640x400/foody-upload-api-foody-mobile-royaltea-png-181228163836.jpg',
  product_address: '329/13 Nguyễn Trọng Tuyển, P. 10, Quận Phú Nhuận, TP. HCM',
  createdAt: 2019-08-16T02:21:09.051Z,
  updatedAt: 2019-08-16T02:21:09.051Z,
  __v: 0 },{ _id: 5d561334e6bc5f3cf2ffffad,
  product_name: 'Nhà Hàng Chay Nấm',
  product_description: 'Royaltea - Nguyễn Trọng Tuyển 329/13 Nguyễn Trọng Tuyển, P. 10, Quận Phú Nhuận, TP. HCM',
  product_image: 'https://images.foody.vn/res/g68/671350/prof/s640x400/foody-upload-api-foody-mobile-17-jpg-180704172159.jpg',
  product_address: '0D Trần Nhật Duật, P. Tân Định, Quận 1, TP. HCM',
  createdAt: 2019-08-16T02:21:40.840Z,
  updatedAt: 2019-08-16T02:21:40.840Z,
  __v: 0 }
2019-08-16T02:27:51.212Z - [info]: { _id: 5d561315e6bc5f3cf2ffffac,
  product_name: 'Royaltea - Nguyễn Trọng Tuyển',
  product_description: 'Royaltea - Nguyễn Trọng Tuyển 329/13 Nguyễn Trọng Tuyển, P. 10, Quận Phú Nhuận, TP. HCM',
  product_image: 'https://images.foody.vn/res/g88/873348/prof/s640x400/foody-upload-api-foody-mobile-royaltea-png-181228163836.jpg',
  product_address: '329/13 Nguyễn Trọng Tuyển, P. 10, Quận Phú Nhuận, TP. HCM',
  createdAt: 2019-08-16T02:21:09.051Z,
  updatedAt: 2019-08-16T02:21:09.051Z,
  __v: 0 },{ _id: 5d561334e6bc5f3cf2ffffad,
  product_name: 'Nhà Hàng Chay Nấm',
  product_description: 'Royaltea - Nguyễn Trọng Tuyển 329/13 Nguyễn Trọng Tuyển, P. 10, Quận Phú Nhuận, TP. HCM',
  product_image: 'https://images.foody.vn/res/g68/671350/prof/s640x400/foody-upload-api-foody-mobile-17-jpg-180704172159.jpg',
  product_address: '0D Trần Nhật Duật, P. Tân Định, Quận 1, TP. HCM',
  createdAt: 2019-08-16T02:21:40.840Z,
  updatedAt: 2019-08-16T02:21:40.840Z,
  __v: 0 }
2019-08-16T02:28:32.026Z - [info]: Listen port %s
2019-08-16T02:33:24.302Z - [info]: Listen port %s
2019-08-16T02:33:39.545Z - [info]: Listen port %s
2019-08-16T02:33:51.804Z - [info]: { _id: 5d561315e6bc5f3cf2ffffac,
  product_name: 'Royaltea - Nguyễn Trọng Tuyển',
  product_description: 'Royaltea - Nguyễn Trọng Tuyển 329/13 Nguyễn Trọng Tuyển, P. 10, Quận Phú Nhuận, TP. HCM',
  product_image: 'https://images.foody.vn/res/g88/873348/prof/s640x400/foody-upload-api-foody-mobile-royaltea-png-181228163836.jpg',
  product_address: '329/13 Nguyễn Trọng Tuyển, P. 10, Quận Phú Nhuận, TP. HCM',
  createdAt: 2019-08-16T02:21:09.051Z,
  updatedAt: 2019-08-16T02:21:09.051Z,
  __v: 0 },{ _id: 5d561334e6bc5f3cf2ffffad,
  product_name: 'Nhà Hàng Chay Nấm',
  product_description: 'Royaltea - Nguyễn Trọng Tuyển 329/13 Nguyễn Trọng Tuyển, P. 10, Quận Phú Nhuận, TP. HCM',
  product_image: 'https://images.foody.vn/res/g68/671350/prof/s640x400/foody-upload-api-foody-mobile-17-jpg-180704172159.jpg',
  product_address: '0D Trần Nhật Duật, P. Tân Định, Quận 1, TP. HCM',
  createdAt: 2019-08-16T02:21:40.840Z,
  updatedAt: 2019-08-16T02:21:40.840Z,
  __v: 0 }
2019-08-16T02:33:54.615Z - [info]: { _id: 5d561315e6bc5f3cf2ffffac,
  product_name: 'Royaltea - Nguyễn Trọng Tuyển',
  product_description: 'Royaltea - Nguyễn Trọng Tuyển 329/13 Nguyễn Trọng Tuyển, P. 10, Quận Phú Nhuận, TP. HCM',
  product_image: 'https://images.foody.vn/res/g88/873348/prof/s640x400/foody-upload-api-foody-mobile-royaltea-png-181228163836.jpg',
  product_address: '329/13 Nguyễn Trọng Tuyển, P. 10, Quận Phú Nhuận, TP. HCM',
  createdAt: 2019-08-16T02:21:09.051Z,
  updatedAt: 2019-08-16T02:21:09.051Z,
  __v: 0 },{ _id: 5d561334e6bc5f3cf2ffffad,
  product_name: 'Nhà Hàng Chay Nấm',
  product_description: 'Royaltea - Nguyễn Trọng Tuyển 329/13 Nguyễn Trọng Tuyển, P. 10, Quận Phú Nhuận, TP. HCM',
  product_image: 'https://images.foody.vn/res/g68/671350/prof/s640x400/foody-upload-api-foody-mobile-17-jpg-180704172159.jpg',
  product_address: '0D Trần Nhật Duật, P. Tân Định, Quận 1, TP. HCM',
  createdAt: 2019-08-16T02:21:40.840Z,
  updatedAt: 2019-08-16T02:21:40.840Z,
  __v: 0 }
2019-08-16T02:34:05.276Z - [info]: { _id: 5d561315e6bc5f3cf2ffffac,
  product_name: 'Royaltea - Nguyễn Trọng Tuyển',
  product_description: 'Royaltea - Nguyễn Trọng Tuyển 329/13 Nguyễn Trọng Tuyển, P. 10, Quận Phú Nhuận, TP. HCM',
  product_image: 'https://images.foody.vn/res/g88/873348/prof/s640x400/foody-upload-api-foody-mobile-royaltea-png-181228163836.jpg',
  product_address: '329/13 Nguyễn Trọng Tuyển, P. 10, Quận Phú Nhuận, TP. HCM',
  createdAt: 2019-08-16T02:21:09.051Z,
  updatedAt: 2019-08-16T02:21:09.051Z,
  __v: 0 },{ _id: 5d561334e6bc5f3cf2ffffad,
  product_name: 'Nhà Hàng Chay Nấm',
  product_description: 'Royaltea - Nguyễn Trọng Tuyển 329/13 Nguyễn Trọng Tuyển, P. 10, Quận Phú Nhuận, TP. HCM',
  product_image: 'https://images.foody.vn/res/g68/671350/prof/s640x400/foody-upload-api-foody-mobile-17-jpg-180704172159.jpg',
  product_address: '0D Trần Nhật Duật, P. Tân Định, Quận 1, TP. HCM',
  createdAt: 2019-08-16T02:21:40.840Z,
  updatedAt: 2019-08-16T02:21:40.840Z,
  __v: 0 }
2019-08-16T02:34:12.801Z - [info]: { _id: 5d561315e6bc5f3cf2ffffac,
  product_name: 'Royaltea - Nguyễn Trọng Tuyển',
  product_description: 'Royaltea - Nguyễn Trọng Tuyển 329/13 Nguyễn Trọng Tuyển, P. 10, Quận Phú Nhuận, TP. HCM',
  product_image: 'https://images.foody.vn/res/g88/873348/prof/s640x400/foody-upload-api-foody-mobile-royaltea-png-181228163836.jpg',
  product_address: '329/13 Nguyễn Trọng Tuyển, P. 10, Quận Phú Nhuận, TP. HCM',
  createdAt: 2019-08-16T02:21:09.051Z,
  updatedAt: 2019-08-16T02:21:09.051Z,
  __v: 0 },{ _id: 5d561334e6bc5f3cf2ffffad,
  product_name: 'Nhà Hàng Chay Nấm',
  product_description: 'Royaltea - Nguyễn Trọng Tuyển 329/13 Nguyễn Trọng Tuyển, P. 10, Quận Phú Nhuận, TP. HCM',
  product_image: 'https://images.foody.vn/res/g68/671350/prof/s640x400/foody-upload-api-foody-mobile-17-jpg-180704172159.jpg',
  product_address: '0D Trần Nhật Duật, P. Tân Định, Quận 1, TP. HCM',
  createdAt: 2019-08-16T02:21:40.840Z,
  updatedAt: 2019-08-16T02:21:40.840Z,
  __v: 0 }
2019-08-16T02:34:14.334Z - [info]: { _id: 5d561315e6bc5f3cf2ffffac,
  product_name: 'Royaltea - Nguyễn Trọng Tuyển',
  product_description: 'Royaltea - Nguyễn Trọng Tuyển 329/13 Nguyễn Trọng Tuyển, P. 10, Quận Phú Nhuận, TP. HCM',
  product_image: 'https://images.foody.vn/res/g88/873348/prof/s640x400/foody-upload-api-foody-mobile-royaltea-png-181228163836.jpg',
  product_address: '329/13 Nguyễn Trọng Tuyển, P. 10, Quận Phú Nhuận, TP. HCM',
  createdAt: 2019-08-16T02:21:09.051Z,
  updatedAt: 2019-08-16T02:21:09.051Z,
  __v: 0 },{ _id: 5d561334e6bc5f3cf2ffffad,
  product_name: 'Nhà Hàng Chay Nấm',
  product_description: 'Royaltea - Nguyễn Trọng Tuyển 329/13 Nguyễn Trọng Tuyển, P. 10, Quận Phú Nhuận, TP. HCM',
  product_image: 'https://images.foody.vn/res/g68/671350/prof/s640x400/foody-upload-api-foody-mobile-17-jpg-180704172159.jpg',
  product_address: '0D Trần Nhật Duật, P. Tân Định, Quận 1, TP. HCM',
  createdAt: 2019-08-16T02:21:40.840Z,
  updatedAt: 2019-08-16T02:21:40.840Z,
  __v: 0 }
2019-08-16T02:34:15.166Z - [info]: { _id: 5d561315e6bc5f3cf2ffffac,
  product_name: 'Royaltea - Nguyễn Trọng Tuyển',
  product_description: 'Royaltea - Nguyễn Trọng Tuyển 329/13 Nguyễn Trọng Tuyển, P. 10, Quận Phú Nhuận, TP. HCM',
  product_image: 'https://images.foody.vn/res/g88/873348/prof/s640x400/foody-upload-api-foody-mobile-royaltea-png-181228163836.jpg',
  product_address: '329/13 Nguyễn Trọng Tuyển, P. 10, Quận Phú Nhuận, TP. HCM',
  createdAt: 2019-08-16T02:21:09.051Z,
  updatedAt: 2019-08-16T02:21:09.051Z,
  __v: 0 },{ _id: 5d561334e6bc5f3cf2ffffad,
  product_name: 'Nhà Hàng Chay Nấm',
  product_description: 'Royaltea - Nguyễn Trọng Tuyển 329/13 Nguyễn Trọng Tuyển, P. 10, Quận Phú Nhuận, TP. HCM',
  product_image: 'https://images.foody.vn/res/g68/671350/prof/s640x400/foody-upload-api-foody-mobile-17-jpg-180704172159.jpg',
  product_address: '0D Trần Nhật Duật, P. Tân Định, Quận 1, TP. HCM',
  createdAt: 2019-08-16T02:21:40.840Z,
  updatedAt: 2019-08-16T02:21:40.840Z,
  __v: 0 }
2019-08-16T02:34:15.855Z - [info]: { _id: 5d561315e6bc5f3cf2ffffac,
  product_name: 'Royaltea - Nguyễn Trọng Tuyển',
  product_description: 'Royaltea - Nguyễn Trọng Tuyển 329/13 Nguyễn Trọng Tuyển, P. 10, Quận Phú Nhuận, TP. HCM',
  product_image: 'https://images.foody.vn/res/g88/873348/prof/s640x400/foody-upload-api-foody-mobile-royaltea-png-181228163836.jpg',
  product_address: '329/13 Nguyễn Trọng Tuyển, P. 10, Quận Phú Nhuận, TP. HCM',
  createdAt: 2019-08-16T02:21:09.051Z,
  updatedAt: 2019-08-16T02:21:09.051Z,
  __v: 0 },{ _id: 5d561334e6bc5f3cf2ffffad,
  product_name: 'Nhà Hàng Chay Nấm',
  product_description: 'Royaltea - Nguyễn Trọng Tuyển 329/13 Nguyễn Trọng Tuyển, P. 10, Quận Phú Nhuận, TP. HCM',
  product_image: 'https://images.foody.vn/res/g68/671350/prof/s640x400/foody-upload-api-foody-mobile-17-jpg-180704172159.jpg',
  product_address: '0D Trần Nhật Duật, P. Tân Định, Quận 1, TP. HCM',
  createdAt: 2019-08-16T02:21:40.840Z,
  updatedAt: 2019-08-16T02:21:40.840Z,
  __v: 0 }
2019-08-16T02:34:16.677Z - [info]: { _id: 5d561315e6bc5f3cf2ffffac,
  product_name: 'Royaltea - Nguyễn Trọng Tuyển',
  product_description: 'Royaltea - Nguyễn Trọng Tuyển 329/13 Nguyễn Trọng Tuyển, P. 10, Quận Phú Nhuận, TP. HCM',
  product_image: 'https://images.foody.vn/res/g88/873348/prof/s640x400/foody-upload-api-foody-mobile-royaltea-png-181228163836.jpg',
  product_address: '329/13 Nguyễn Trọng Tuyển, P. 10, Quận Phú Nhuận, TP. HCM',
  createdAt: 2019-08-16T02:21:09.051Z,
  updatedAt: 2019-08-16T02:21:09.051Z,
  __v: 0 },{ _id: 5d561334e6bc5f3cf2ffffad,
  product_name: 'Nhà Hàng Chay Nấm',
  product_description: 'Royaltea - Nguyễn Trọng Tuyển 329/13 Nguyễn Trọng Tuyển, P. 10, Quận Phú Nhuận, TP. HCM',
  product_image: 'https://images.foody.vn/res/g68/671350/prof/s640x400/foody-upload-api-foody-mobile-17-jpg-180704172159.jpg',
  product_address: '0D Trần Nhật Duật, P. Tân Định, Quận 1, TP. HCM',
  createdAt: 2019-08-16T02:21:40.840Z,
  updatedAt: 2019-08-16T02:21:40.840Z,
  __v: 0 }
2019-08-16T02:34:17.664Z - [info]: { _id: 5d561315e6bc5f3cf2ffffac,
  product_name: 'Royaltea - Nguyễn Trọng Tuyển',
  product_description: 'Royaltea - Nguyễn Trọng Tuyển 329/13 Nguyễn Trọng Tuyển, P. 10, Quận Phú Nhuận, TP. HCM',
  product_image: 'https://images.foody.vn/res/g88/873348/prof/s640x400/foody-upload-api-foody-mobile-royaltea-png-181228163836.jpg',
  product_address: '329/13 Nguyễn Trọng Tuyển, P. 10, Quận Phú Nhuận, TP. HCM',
  createdAt: 2019-08-16T02:21:09.051Z,
  updatedAt: 2019-08-16T02:21:09.051Z,
  __v: 0 },{ _id: 5d561334e6bc5f3cf2ffffad,
  product_name: 'Nhà Hàng Chay Nấm',
  product_description: 'Royaltea - Nguyễn Trọng Tuyển 329/13 Nguyễn Trọng Tuyển, P. 10, Quận Phú Nhuận, TP. HCM',
  product_image: 'https://images.foody.vn/res/g68/671350/prof/s640x400/foody-upload-api-foody-mobile-17-jpg-180704172159.jpg',
  product_address: '0D Trần Nhật Duật, P. Tân Định, Quận 1, TP. HCM',
  createdAt: 2019-08-16T02:21:40.840Z,
  updatedAt: 2019-08-16T02:21:40.840Z,
  __v: 0 }
2019-08-16T02:34:18.604Z - [info]: { _id: 5d561315e6bc5f3cf2ffffac,
  product_name: 'Royaltea - Nguyễn Trọng Tuyển',
  product_description: 'Royaltea - Nguyễn Trọng Tuyển 329/13 Nguyễn Trọng Tuyển, P. 10, Quận Phú Nhuận, TP. HCM',
  product_image: 'https://images.foody.vn/res/g88/873348/prof/s640x400/foody-upload-api-foody-mobile-royaltea-png-181228163836.jpg',
  product_address: '329/13 Nguyễn Trọng Tuyển, P. 10, Quận Phú Nhuận, TP. HCM',
  createdAt: 2019-08-16T02:21:09.051Z,
  updatedAt: 2019-08-16T02:21:09.051Z,
  __v: 0 },{ _id: 5d561334e6bc5f3cf2ffffad,
  product_name: 'Nhà Hàng Chay Nấm',
  product_description: 'Royaltea - Nguyễn Trọng Tuyển 329/13 Nguyễn Trọng Tuyển, P. 10, Quận Phú Nhuận, TP. HCM',
  product_image: 'https://images.foody.vn/res/g68/671350/prof/s640x400/foody-upload-api-foody-mobile-17-jpg-180704172159.jpg',
  product_address: '0D Trần Nhật Duật, P. Tân Định, Quận 1, TP. HCM',
  createdAt: 2019-08-16T02:21:40.840Z,
  updatedAt: 2019-08-16T02:21:40.840Z,
  __v: 0 }
2019-08-16T02:34:22.503Z - [error]: [object Object]
2019-08-16T02:34:26.606Z - [info]: { _id: 5d561315e6bc5f3cf2ffffac,
  product_name: 'Royaltea - Nguyễn Trọng Tuyển',
  product_description: 'Royaltea - Nguyễn Trọng Tuyển 329/13 Nguyễn Trọng Tuyển, P. 10, Quận Phú Nhuận, TP. HCM',
  product_image: 'https://images.foody.vn/res/g88/873348/prof/s640x400/foody-upload-api-foody-mobile-royaltea-png-181228163836.jpg',
  product_address: '329/13 Nguyễn Trọng Tuyển, P. 10, Quận Phú Nhuận, TP. HCM',
  createdAt: 2019-08-16T02:21:09.051Z,
  updatedAt: 2019-08-16T02:21:09.051Z,
  __v: 0 },{ _id: 5d561334e6bc5f3cf2ffffad,
  product_name: 'Nhà Hàng Chay Nấm',
  product_description: 'Royaltea - Nguyễn Trọng Tuyển 329/13 Nguyễn Trọng Tuyển, P. 10, Quận Phú Nhuận, TP. HCM',
  product_image: 'https://images.foody.vn/res/g68/671350/prof/s640x400/foody-upload-api-foody-mobile-17-jpg-180704172159.jpg',
  product_address: '0D Trần Nhật Duật, P. Tân Định, Quận 1, TP. HCM',
  createdAt: 2019-08-16T02:21:40.840Z,
  updatedAt: 2019-08-16T02:21:40.840Z,
  __v: 0 }
2019-08-16T02:34:32.736Z - [info]: { _id: 5d561638d6047042140ca02e,
  name: 'Lê Quang Sáng',
  email: 'lqsang19953@gmail.com',
  username: 'asdasd',
  password: '$2a$10$0AMdz2b4gx2SHKFBnGBYieATl4OXfqHoGLnFOHlrsiPLacMT.KBMy',
  createdAt: 2019-08-16T02:34:32.638Z,
  updatedAt: 2019-08-16T02:34:32.638Z,
  __v: 0 }
2019-08-16T02:34:34.191Z - [info]: { _id: 5d561315e6bc5f3cf2ffffac,
  product_name: 'Royaltea - Nguyễn Trọng Tuyển',
  product_description: 'Royaltea - Nguyễn Trọng Tuyển 329/13 Nguyễn Trọng Tuyển, P. 10, Quận Phú Nhuận, TP. HCM',
  product_image: 'https://images.foody.vn/res/g88/873348/prof/s640x400/foody-upload-api-foody-mobile-royaltea-png-181228163836.jpg',
  product_address: '329/13 Nguyễn Trọng Tuyển, P. 10, Quận Phú Nhuận, TP. HCM',
  createdAt: 2019-08-16T02:21:09.051Z,
  updatedAt: 2019-08-16T02:21:09.051Z,
  __v: 0 },{ _id: 5d561334e6bc5f3cf2ffffad,
  product_name: 'Nhà Hàng Chay Nấm',
  product_description: 'Royaltea - Nguyễn Trọng Tuyển 329/13 Nguyễn Trọng Tuyển, P. 10, Quận Phú Nhuận, TP. HCM',
  product_image: 'https://images.foody.vn/res/g68/671350/prof/s640x400/foody-upload-api-foody-mobile-17-jpg-180704172159.jpg',
  product_address: '0D Trần Nhật Duật, P. Tân Định, Quận 1, TP. HCM',
  createdAt: 2019-08-16T02:21:40.840Z,
  updatedAt: 2019-08-16T02:21:40.840Z,
  __v: 0 }
2019-08-16T02:34:37.947Z - [info]: [object Object]
2019-08-16T02:34:39.243Z - [info]: { _id: 5d561315e6bc5f3cf2ffffac,
  product_name: 'Royaltea - Nguyễn Trọng Tuyển',
  product_description: 'Royaltea - Nguyễn Trọng Tuyển 329/13 Nguyễn Trọng Tuyển, P. 10, Quận Phú Nhuận, TP. HCM',
  product_image: 'https://images.foody.vn/res/g88/873348/prof/s640x400/foody-upload-api-foody-mobile-royaltea-png-181228163836.jpg',
  product_address: '329/13 Nguyễn Trọng Tuyển, P. 10, Quận Phú Nhuận, TP. HCM',
  createdAt: 2019-08-16T02:21:09.051Z,
  updatedAt: 2019-08-16T02:21:09.051Z,
  __v: 0 },{ _id: 5d561334e6bc5f3cf2ffffad,
  product_name: 'Nhà Hàng Chay Nấm',
  product_description: 'Royaltea - Nguyễn Trọng Tuyển 329/13 Nguyễn Trọng Tuyển, P. 10, Quận Phú Nhuận, TP. HCM',
  product_image: 'https://images.foody.vn/res/g68/671350/prof/s640x400/foody-upload-api-foody-mobile-17-jpg-180704172159.jpg',
  product_address: '0D Trần Nhật Duật, P. Tân Định, Quận 1, TP. HCM',
  createdAt: 2019-08-16T02:21:40.840Z,
  updatedAt: 2019-08-16T02:21:40.840Z,
  __v: 0 }
2019-08-16T02:36:16.120Z - [info]: { _id: 5d561315e6bc5f3cf2ffffac,
  product_name: 'Royaltea - Nguyễn Trọng Tuyển',
  product_description: 'Royaltea - Nguyễn Trọng Tuyển 329/13 Nguyễn Trọng Tuyển, P. 10, Quận Phú Nhuận, TP. HCM',
  product_image: 'https://images.foody.vn/res/g88/873348/prof/s640x400/foody-upload-api-foody-mobile-royaltea-png-181228163836.jpg',
  product_address: '329/13 Nguyễn Trọng Tuyển, P. 10, Quận Phú Nhuận, TP. HCM',
  createdAt: 2019-08-16T02:21:09.051Z,
  updatedAt: 2019-08-16T02:21:09.051Z,
  __v: 0 },{ _id: 5d561334e6bc5f3cf2ffffad,
  product_name: 'Nhà Hàng Chay Nấm',
  product_description: 'Royaltea - Nguyễn Trọng Tuyển 329/13 Nguyễn Trọng Tuyển, P. 10, Quận Phú Nhuận, TP. HCM',
  product_image: 'https://images.foody.vn/res/g68/671350/prof/s640x400/foody-upload-api-foody-mobile-17-jpg-180704172159.jpg',
  product_address: '0D Trần Nhật Duật, P. Tân Định, Quận 1, TP. HCM',
  createdAt: 2019-08-16T02:21:40.840Z,
  updatedAt: 2019-08-16T02:21:40.840Z,
  __v: 0 }
2019-08-16T02:36:36.521Z - [info]: { _id: 5d561315e6bc5f3cf2ffffac,
  product_name: 'Royaltea - Nguyễn Trọng Tuyển',
  product_description: 'Royaltea - Nguyễn Trọng Tuyển 329/13 Nguyễn Trọng Tuyển, P. 10, Quận Phú Nhuận, TP. HCM',
  product_image: 'https://images.foody.vn/res/g88/873348/prof/s640x400/foody-upload-api-foody-mobile-royaltea-png-181228163836.jpg',
  product_address: '329/13 Nguyễn Trọng Tuyển, P. 10, Quận Phú Nhuận, TP. HCM',
  createdAt: 2019-08-16T02:21:09.051Z,
  updatedAt: 2019-08-16T02:21:09.051Z,
  __v: 0 },{ _id: 5d561334e6bc5f3cf2ffffad,
  product_name: 'Nhà Hàng Chay Nấm',
  product_description: 'Royaltea - Nguyễn Trọng Tuyển 329/13 Nguyễn Trọng Tuyển, P. 10, Quận Phú Nhuận, TP. HCM',
  product_image: 'https://images.foody.vn/res/g68/671350/prof/s640x400/foody-upload-api-foody-mobile-17-jpg-180704172159.jpg',
  product_address: '0D Trần Nhật Duật, P. Tân Định, Quận 1, TP. HCM',
  createdAt: 2019-08-16T02:21:40.840Z,
  updatedAt: 2019-08-16T02:21:40.840Z,
  __v: 0 }
2019-08-16T02:36:38.369Z - [info]: { _id: 5d561315e6bc5f3cf2ffffac,
  product_name: 'Royaltea - Nguyễn Trọng Tuyển',
  product_description: 'Royaltea - Nguyễn Trọng Tuyển 329/13 Nguyễn Trọng Tuyển, P. 10, Quận Phú Nhuận, TP. HCM',
  product_image: 'https://images.foody.vn/res/g88/873348/prof/s640x400/foody-upload-api-foody-mobile-royaltea-png-181228163836.jpg',
  product_address: '329/13 Nguyễn Trọng Tuyển, P. 10, Quận Phú Nhuận, TP. HCM',
  createdAt: 2019-08-16T02:21:09.051Z,
  updatedAt: 2019-08-16T02:21:09.051Z,
  __v: 0 },{ _id: 5d561334e6bc5f3cf2ffffad,
  product_name: 'Nhà Hàng Chay Nấm',
  product_description: 'Royaltea - Nguyễn Trọng Tuyển 329/13 Nguyễn Trọng Tuyển, P. 10, Quận Phú Nhuận, TP. HCM',
  product_image: 'https://images.foody.vn/res/g68/671350/prof/s640x400/foody-upload-api-foody-mobile-17-jpg-180704172159.jpg',
  product_address: '0D Trần Nhật Duật, P. Tân Định, Quận 1, TP. HCM',
  createdAt: 2019-08-16T02:21:40.840Z,
  updatedAt: 2019-08-16T02:21:40.840Z,
  __v: 0 }
2019-08-16T02:36:49.693Z - [info]: { _id: 5d561315e6bc5f3cf2ffffac,
  product_name: 'Royaltea - Nguyễn Trọng Tuyển',
  product_description: 'Royaltea - Nguyễn Trọng Tuyển 329/13 Nguyễn Trọng Tuyển, P. 10, Quận Phú Nhuận, TP. HCM',
  product_image: 'https://images.foody.vn/res/g88/873348/prof/s640x400/foody-upload-api-foody-mobile-royaltea-png-181228163836.jpg',
  product_address: '329/13 Nguyễn Trọng Tuyển, P. 10, Quận Phú Nhuận, TP. HCM',
  createdAt: 2019-08-16T02:21:09.051Z,
  updatedAt: 2019-08-16T02:21:09.051Z,
  __v: 0 },{ _id: 5d561334e6bc5f3cf2ffffad,
  product_name: 'Nhà Hàng Chay Nấm',
  product_description: 'Royaltea - Nguyễn Trọng Tuyển 329/13 Nguyễn Trọng Tuyển, P. 10, Quận Phú Nhuận, TP. HCM',
  product_image: 'https://images.foody.vn/res/g68/671350/prof/s640x400/foody-upload-api-foody-mobile-17-jpg-180704172159.jpg',
  product_address: '0D Trần Nhật Duật, P. Tân Định, Quận 1, TP. HCM',
  createdAt: 2019-08-16T02:21:40.840Z,
  updatedAt: 2019-08-16T02:21:40.840Z,
  __v: 0 }
2019-08-16T02:36:51.706Z - [info]: { _id: 5d561315e6bc5f3cf2ffffac,
  product_name: 'Royaltea - Nguyễn Trọng Tuyển',
  product_description: 'Royaltea - Nguyễn Trọng Tuyển 329/13 Nguyễn Trọng Tuyển, P. 10, Quận Phú Nhuận, TP. HCM',
  product_image: 'https://images.foody.vn/res/g88/873348/prof/s640x400/foody-upload-api-foody-mobile-royaltea-png-181228163836.jpg',
  product_address: '329/13 Nguyễn Trọng Tuyển, P. 10, Quận Phú Nhuận, TP. HCM',
  createdAt: 2019-08-16T02:21:09.051Z,
  updatedAt: 2019-08-16T02:21:09.051Z,
  __v: 0 },{ _id: 5d561334e6bc5f3cf2ffffad,
  product_name: 'Nhà Hàng Chay Nấm',
  product_description: 'Royaltea - Nguyễn Trọng Tuyển 329/13 Nguyễn Trọng Tuyển, P. 10, Quận Phú Nhuận, TP. HCM',
  product_image: 'https://images.foody.vn/res/g68/671350/prof/s640x400/foody-upload-api-foody-mobile-17-jpg-180704172159.jpg',
  product_address: '0D Trần Nhật Duật, P. Tân Định, Quận 1, TP. HCM',
  createdAt: 2019-08-16T02:21:40.840Z,
  updatedAt: 2019-08-16T02:21:40.840Z,
  __v: 0 }
2019-08-16T02:36:52.585Z - [info]: { _id: 5d561315e6bc5f3cf2ffffac,
  product_name: 'Royaltea - Nguyễn Trọng Tuyển',
  product_description: 'Royaltea - Nguyễn Trọng Tuyển 329/13 Nguyễn Trọng Tuyển, P. 10, Quận Phú Nhuận, TP. HCM',
  product_image: 'https://images.foody.vn/res/g88/873348/prof/s640x400/foody-upload-api-foody-mobile-royaltea-png-181228163836.jpg',
  product_address: '329/13 Nguyễn Trọng Tuyển, P. 10, Quận Phú Nhuận, TP. HCM',
  createdAt: 2019-08-16T02:21:09.051Z,
  updatedAt: 2019-08-16T02:21:09.051Z,
  __v: 0 },{ _id: 5d561334e6bc5f3cf2ffffad,
  product_name: 'Nhà Hàng Chay Nấm',
  product_description: 'Royaltea - Nguyễn Trọng Tuyển 329/13 Nguyễn Trọng Tuyển, P. 10, Quận Phú Nhuận, TP. HCM',
  product_image: 'https://images.foody.vn/res/g68/671350/prof/s640x400/foody-upload-api-foody-mobile-17-jpg-180704172159.jpg',
  product_address: '0D Trần Nhật Duật, P. Tân Định, Quận 1, TP. HCM',
  createdAt: 2019-08-16T02:21:40.840Z,
  updatedAt: 2019-08-16T02:21:40.840Z,
  __v: 0 }
2019-08-16T02:38:00.522Z - [info]: { _id: 5d561315e6bc5f3cf2ffffac,
  product_name: 'Royaltea - Nguyễn Trọng Tuyển',
  product_description: 'Royaltea - Nguyễn Trọng Tuyển 329/13 Nguyễn Trọng Tuyển, P. 10, Quận Phú Nhuận, TP. HCM',
  product_image: 'https://images.foody.vn/res/g88/873348/prof/s640x400/foody-upload-api-foody-mobile-royaltea-png-181228163836.jpg',
  product_address: '329/13 Nguyễn Trọng Tuyển, P. 10, Quận Phú Nhuận, TP. HCM',
  createdAt: 2019-08-16T02:21:09.051Z,
  updatedAt: 2019-08-16T02:21:09.051Z,
  __v: 0 },{ _id: 5d561334e6bc5f3cf2ffffad,
  product_name: 'Nhà Hàng Chay Nấm',
  product_description: 'Royaltea - Nguyễn Trọng Tuyển 329/13 Nguyễn Trọng Tuyển, P. 10, Quận Phú Nhuận, TP. HCM',
  product_image: 'https://images.foody.vn/res/g68/671350/prof/s640x400/foody-upload-api-foody-mobile-17-jpg-180704172159.jpg',
  product_address: '0D Trần Nhật Duật, P. Tân Định, Quận 1, TP. HCM',
  createdAt: 2019-08-16T02:21:40.840Z,
  updatedAt: 2019-08-16T02:21:40.840Z,
  __v: 0 }
2019-08-16T02:38:01.453Z - [info]: { _id: 5d561315e6bc5f3cf2ffffac,
  product_name: 'Royaltea - Nguyễn Trọng Tuyển',
  product_description: 'Royaltea - Nguyễn Trọng Tuyển 329/13 Nguyễn Trọng Tuyển, P. 10, Quận Phú Nhuận, TP. HCM',
  product_image: 'https://images.foody.vn/res/g88/873348/prof/s640x400/foody-upload-api-foody-mobile-royaltea-png-181228163836.jpg',
  product_address: '329/13 Nguyễn Trọng Tuyển, P. 10, Quận Phú Nhuận, TP. HCM',
  createdAt: 2019-08-16T02:21:09.051Z,
  updatedAt: 2019-08-16T02:21:09.051Z,
  __v: 0 },{ _id: 5d561334e6bc5f3cf2ffffad,
  product_name: 'Nhà Hàng Chay Nấm',
  product_description: 'Royaltea - Nguyễn Trọng Tuyển 329/13 Nguyễn Trọng Tuyển, P. 10, Quận Phú Nhuận, TP. HCM',
  product_image: 'https://images.foody.vn/res/g68/671350/prof/s640x400/foody-upload-api-foody-mobile-17-jpg-180704172159.jpg',
  product_address: '0D Trần Nhật Duật, P. Tân Định, Quận 1, TP. HCM',
  createdAt: 2019-08-16T02:21:40.840Z,
  updatedAt: 2019-08-16T02:21:40.840Z,
  __v: 0 }
2019-08-16T02:38:02.270Z - [info]: { _id: 5d561315e6bc5f3cf2ffffac,
  product_name: 'Royaltea - Nguyễn Trọng Tuyển',
  product_description: 'Royaltea - Nguyễn Trọng Tuyển 329/13 Nguyễn Trọng Tuyển, P. 10, Quận Phú Nhuận, TP. HCM',
  product_image: 'https://images.foody.vn/res/g88/873348/prof/s640x400/foody-upload-api-foody-mobile-royaltea-png-181228163836.jpg',
  product_address: '329/13 Nguyễn Trọng Tuyển, P. 10, Quận Phú Nhuận, TP. HCM',
  createdAt: 2019-08-16T02:21:09.051Z,
  updatedAt: 2019-08-16T02:21:09.051Z,
  __v: 0 },{ _id: 5d561334e6bc5f3cf2ffffad,
  product_name: 'Nhà Hàng Chay Nấm',
  product_description: 'Royaltea - Nguyễn Trọng Tuyển 329/13 Nguyễn Trọng Tuyển, P. 10, Quận Phú Nhuận, TP. HCM',
  product_image: 'https://images.foody.vn/res/g68/671350/prof/s640x400/foody-upload-api-foody-mobile-17-jpg-180704172159.jpg',
  product_address: '0D Trần Nhật Duật, P. Tân Định, Quận 1, TP. HCM',
  createdAt: 2019-08-16T02:21:40.840Z,
  updatedAt: 2019-08-16T02:21:40.840Z,
  __v: 0 }
2019-08-16T02:38:02.937Z - [info]: { _id: 5d561315e6bc5f3cf2ffffac,
  product_name: 'Royaltea - Nguyễn Trọng Tuyển',
  product_description: 'Royaltea - Nguyễn Trọng Tuyển 329/13 Nguyễn Trọng Tuyển, P. 10, Quận Phú Nhuận, TP. HCM',
  product_image: 'https://images.foody.vn/res/g88/873348/prof/s640x400/foody-upload-api-foody-mobile-royaltea-png-181228163836.jpg',
  product_address: '329/13 Nguyễn Trọng Tuyển, P. 10, Quận Phú Nhuận, TP. HCM',
  createdAt: 2019-08-16T02:21:09.051Z,
  updatedAt: 2019-08-16T02:21:09.051Z,
  __v: 0 },{ _id: 5d561334e6bc5f3cf2ffffad,
  product_name: 'Nhà Hàng Chay Nấm',
  product_description: 'Royaltea - Nguyễn Trọng Tuyển 329/13 Nguyễn Trọng Tuyển, P. 10, Quận Phú Nhuận, TP. HCM',
  product_image: 'https://images.foody.vn/res/g68/671350/prof/s640x400/foody-upload-api-foody-mobile-17-jpg-180704172159.jpg',
  product_address: '0D Trần Nhật Duật, P. Tân Định, Quận 1, TP. HCM',
  createdAt: 2019-08-16T02:21:40.840Z,
  updatedAt: 2019-08-16T02:21:40.840Z,
  __v: 0 }
2019-08-16T02:38:35.056Z - [info]: Listen port %s
2019-08-16T02:40:04.185Z - [info]: Listen port %s
2019-08-16T02:40:57.664Z - [info]: Listen port %s
2019-08-16T02:42:41.379Z - [info]: Listen port %s
2019-08-16T02:42:56.009Z - [info]: Listen port %s
2019-08-16T02:45:50.563Z - [info]: Listen port %s
2019-08-16T02:47:39.112Z - [info]: Listen port %s
2019-08-16T02:49:35.831Z - [info]: Listen port %s
2019-08-16T02:56:15.517Z - [info]: Listen port %s
2019-08-16T02:57:29.314Z - [info]: Listen port %s
2019-08-16T03:20:36.590Z - [info]: Listen port %s
2019-08-16T03:21:14.469Z - [info]: Listen port %s
2019-08-16T03:21:30.223Z - [info]: Listen port %s
2019-08-16T03:22:30.317Z - [info]: Listen port %s
2019-08-16T03:23:05.824Z - [info]: Listen port %s
2019-08-16T03:23:12.185Z - [info]: Listen port %s
2019-08-16T03:24:37.760Z - [info]: Listen port %s
2019-08-16T03:24:50.718Z - [info]: Listen port %s
2019-08-16T03:25:33.534Z - [info]: Listen port %s
2019-08-16T03:25:43.495Z - [info]: Listen port %s
2019-08-16T03:26:06.469Z - [info]: Listen port %s
2019-08-16T03:26:29.880Z - [info]: Listen port %s
2019-08-16T03:26:32.647Z - [info]: Listen port %s
2019-08-16T03:26:37.554Z - [info]: Listen port %s
2019-08-16T03:26:54.208Z - [info]: Listen port %s
2019-08-16T03:27:31.123Z - [info]: Listen port %s
2019-08-16T03:27:32.986Z - [info]: Listen port %s
2019-08-16T03:28:17.248Z - [info]: Listen port %s
2019-08-16T04:53:39.408Z - [info]: Listen port %s
2019-08-16T04:53:43.408Z - [info]: { _id: 5d561315e6bc5f3cf2ffffac,
  product_name: 'Royaltea - Nguyễn Trọng Tuyển',
  product_description: 'Royaltea - Nguyễn Trọng Tuyển 329/13 Nguyễn Trọng Tuyển, P. 10, Quận Phú Nhuận, TP. HCM',
  product_image: 'https://images.foody.vn/res/g88/873348/prof/s640x400/foody-upload-api-foody-mobile-royaltea-png-181228163836.jpg',
  product_address: '329/13 Nguyễn Trọng Tuyển, P. 10, Quận Phú Nhuận, TP. HCM',
  createdAt: 2019-08-16T02:21:09.051Z,
  updatedAt: 2019-08-16T02:21:09.051Z,
  __v: 0 },{ _id: 5d561334e6bc5f3cf2ffffad,
  product_name: 'Nhà Hàng Chay Nấm',
  product_description: 'Royaltea - Nguyễn Trọng Tuyển 329/13 Nguyễn Trọng Tuyển, P. 10, Quận Phú Nhuận, TP. HCM',
  product_image: 'https://images.foody.vn/res/g68/671350/prof/s640x400/foody-upload-api-foody-mobile-17-jpg-180704172159.jpg',
  product_address: '0D Trần Nhật Duật, P. Tân Định, Quận 1, TP. HCM',
  createdAt: 2019-08-16T02:21:40.840Z,
  updatedAt: 2019-08-16T02:21:40.840Z,
  __v: 0 }
2019-08-16T04:53:49.136Z - [info]: [object Object]
2019-08-16T04:53:51.087Z - [info]: { _id: 5d561315e6bc5f3cf2ffffac,
  product_name: 'Royaltea - Nguyễn Trọng Tuyển',
  product_description: 'Royaltea - Nguyễn Trọng Tuyển 329/13 Nguyễn Trọng Tuyển, P. 10, Quận Phú Nhuận, TP. HCM',
  product_image: 'https://images.foody.vn/res/g88/873348/prof/s640x400/foody-upload-api-foody-mobile-royaltea-png-181228163836.jpg',
  product_address: '329/13 Nguyễn Trọng Tuyển, P. 10, Quận Phú Nhuận, TP. HCM',
  createdAt: 2019-08-16T02:21:09.051Z,
  updatedAt: 2019-08-16T02:21:09.051Z,
  __v: 0 },{ _id: 5d561334e6bc5f3cf2ffffad,
  product_name: 'Nhà Hàng Chay Nấm',
  product_description: 'Royaltea - Nguyễn Trọng Tuyển 329/13 Nguyễn Trọng Tuyển, P. 10, Quận Phú Nhuận, TP. HCM',
  product_image: 'https://images.foody.vn/res/g68/671350/prof/s640x400/foody-upload-api-foody-mobile-17-jpg-180704172159.jpg',
  product_address: '0D Trần Nhật Duật, P. Tân Định, Quận 1, TP. HCM',
  createdAt: 2019-08-16T02:21:40.840Z,
  updatedAt: 2019-08-16T02:21:40.840Z,
  __v: 0 }
2019-08-16T04:55:09.994Z - [info]: Listen port %s
2019-08-16T04:55:36.416Z - [info]: Listen port %s
2019-08-16T04:55:45.985Z - [info]: { _id: 5d561315e6bc5f3cf2ffffac,
  product_name: 'Royaltea - Nguyễn Trọng Tuyển',
  product_description: 'Royaltea - Nguyễn Trọng Tuyển 329/13 Nguyễn Trọng Tuyển, P. 10, Quận Phú Nhuận, TP. HCM',
  product_image: 'https://images.foody.vn/res/g88/873348/prof/s640x400/foody-upload-api-foody-mobile-royaltea-png-181228163836.jpg',
  product_address: '329/13 Nguyễn Trọng Tuyển, P. 10, Quận Phú Nhuận, TP. HCM',
  createdAt: 2019-08-16T02:21:09.051Z,
  updatedAt: 2019-08-16T02:21:09.051Z,
  __v: 0 },{ _id: 5d561334e6bc5f3cf2ffffad,
  product_name: 'Nhà Hàng Chay Nấm',
  product_description: 'Royaltea - Nguyễn Trọng Tuyển 329/13 Nguyễn Trọng Tuyển, P. 10, Quận Phú Nhuận, TP. HCM',
  product_image: 'https://images.foody.vn/res/g68/671350/prof/s640x400/foody-upload-api-foody-mobile-17-jpg-180704172159.jpg',
  product_address: '0D Trần Nhật Duật, P. Tân Định, Quận 1, TP. HCM',
  createdAt: 2019-08-16T02:21:40.840Z,
  updatedAt: 2019-08-16T02:21:40.840Z,
  __v: 0 }
2019-08-16T04:55:48.246Z - [info]: [object Object]
2019-08-16T04:55:49.831Z - [info]: { _id: 5d561315e6bc5f3cf2ffffac,
  product_name: 'Royaltea - Nguyễn Trọng Tuyển',
  product_description: 'Royaltea - Nguyễn Trọng Tuyển 329/13 Nguyễn Trọng Tuyển, P. 10, Quận Phú Nhuận, TP. HCM',
  product_image: 'https://images.foody.vn/res/g88/873348/prof/s640x400/foody-upload-api-foody-mobile-royaltea-png-181228163836.jpg',
  product_address: '329/13 Nguyễn Trọng Tuyển, P. 10, Quận Phú Nhuận, TP. HCM',
  createdAt: 2019-08-16T02:21:09.051Z,
  updatedAt: 2019-08-16T02:21:09.051Z,
  __v: 0 },{ _id: 5d561334e6bc5f3cf2ffffad,
  product_name: 'Nhà Hàng Chay Nấm',
  product_description: 'Royaltea - Nguyễn Trọng Tuyển 329/13 Nguyễn Trọng Tuyển, P. 10, Quận Phú Nhuận, TP. HCM',
  product_image: 'https://images.foody.vn/res/g68/671350/prof/s640x400/foody-upload-api-foody-mobile-17-jpg-180704172159.jpg',
  product_address: '0D Trần Nhật Duật, P. Tân Định, Quận 1, TP. HCM',
  createdAt: 2019-08-16T02:21:40.840Z,
  updatedAt: 2019-08-16T02:21:40.840Z,
  __v: 0 }
2019-08-16T04:56:22.568Z - [info]: Listen port %s
2019-08-16T04:56:56.690Z - [info]: Listen port %s
2019-08-16T04:57:06.530Z - [info]: Listen port %s
2019-08-16T04:57:44.267Z - [info]: Listen port %s
2019-08-16T04:59:29.378Z - [info]: Listen port %s
2019-08-16T04:59:37.118Z - [info]: Listen port %s
2019-08-16T05:01:36.776Z - [info]: Listen port %s
2019-08-16T05:01:55.030Z - [info]: Listen port %s
2019-08-16T05:02:13.353Z - [info]: { _id: 5d561315e6bc5f3cf2ffffac,
  product_name: 'Royaltea - Nguyễn Trọng Tuyển',
  product_description: 'Royaltea - Nguyễn Trọng Tuyển 329/13 Nguyễn Trọng Tuyển, P. 10, Quận Phú Nhuận, TP. HCM',
  product_image: 'https://images.foody.vn/res/g88/873348/prof/s640x400/foody-upload-api-foody-mobile-royaltea-png-181228163836.jpg',
  product_address: '329/13 Nguyễn Trọng Tuyển, P. 10, Quận Phú Nhuận, TP. HCM',
  createdAt: 2019-08-16T02:21:09.051Z,
  updatedAt: 2019-08-16T02:21:09.051Z,
  __v: 0 },{ _id: 5d561334e6bc5f3cf2ffffad,
  product_name: 'Nhà Hàng Chay Nấm',
  product_description: 'Royaltea - Nguyễn Trọng Tuyển 329/13 Nguyễn Trọng Tuyển, P. 10, Quận Phú Nhuận, TP. HCM',
  product_image: 'https://images.foody.vn/res/g68/671350/prof/s640x400/foody-upload-api-foody-mobile-17-jpg-180704172159.jpg',
  product_address: '0D Trần Nhật Duật, P. Tân Định, Quận 1, TP. HCM',
  createdAt: 2019-08-16T02:21:40.840Z,
  updatedAt: 2019-08-16T02:21:40.840Z,
  __v: 0 }
2019-08-16T05:02:15.234Z - [info]: { _id: 5d561315e6bc5f3cf2ffffac,
  product_name: 'Royaltea - Nguyễn Trọng Tuyển',
  product_description: 'Royaltea - Nguyễn Trọng Tuyển 329/13 Nguyễn Trọng Tuyển, P. 10, Quận Phú Nhuận, TP. HCM',
  product_image: 'https://images.foody.vn/res/g88/873348/prof/s640x400/foody-upload-api-foody-mobile-royaltea-png-181228163836.jpg',
  product_address: '329/13 Nguyễn Trọng Tuyển, P. 10, Quận Phú Nhuận, TP. HCM',
  createdAt: 2019-08-16T02:21:09.051Z,
  updatedAt: 2019-08-16T02:21:09.051Z,
  __v: 0 },{ _id: 5d561334e6bc5f3cf2ffffad,
  product_name: 'Nhà Hàng Chay Nấm',
  product_description: 'Royaltea - Nguyễn Trọng Tuyển 329/13 Nguyễn Trọng Tuyển, P. 10, Quận Phú Nhuận, TP. HCM',
  product_image: 'https://images.foody.vn/res/g68/671350/prof/s640x400/foody-upload-api-foody-mobile-17-jpg-180704172159.jpg',
  product_address: '0D Trần Nhật Duật, P. Tân Định, Quận 1, TP. HCM',
  createdAt: 2019-08-16T02:21:40.840Z,
  updatedAt: 2019-08-16T02:21:40.840Z,
  __v: 0 }
2019-08-16T05:02:17.844Z - [info]: [object Object]
2019-08-16T05:02:19.401Z - [info]: { _id: 5d561315e6bc5f3cf2ffffac,
  product_name: 'Royaltea - Nguyễn Trọng Tuyển',
  product_description: 'Royaltea - Nguyễn Trọng Tuyển 329/13 Nguyễn Trọng Tuyển, P. 10, Quận Phú Nhuận, TP. HCM',
  product_image: 'https://images.foody.vn/res/g88/873348/prof/s640x400/foody-upload-api-foody-mobile-royaltea-png-181228163836.jpg',
  product_address: '329/13 Nguyễn Trọng Tuyển, P. 10, Quận Phú Nhuận, TP. HCM',
  createdAt: 2019-08-16T02:21:09.051Z,
  updatedAt: 2019-08-16T02:21:09.051Z,
  __v: 0 },{ _id: 5d561334e6bc5f3cf2ffffad,
  product_name: 'Nhà Hàng Chay Nấm',
  product_description: 'Royaltea - Nguyễn Trọng Tuyển 329/13 Nguyễn Trọng Tuyển, P. 10, Quận Phú Nhuận, TP. HCM',
  product_image: 'https://images.foody.vn/res/g68/671350/prof/s640x400/foody-upload-api-foody-mobile-17-jpg-180704172159.jpg',
  product_address: '0D Trần Nhật Duật, P. Tân Định, Quận 1, TP. HCM',
  createdAt: 2019-08-16T02:21:40.840Z,
  updatedAt: 2019-08-16T02:21:40.840Z,
  __v: 0 }
2019-08-16T05:03:07.349Z - [info]: Listen port %s
2019-08-16T05:03:13.778Z - [info]: Listen port %s
2019-08-16T05:03:17.740Z - [info]: { _id: 5d561315e6bc5f3cf2ffffac,
  product_name: 'Royaltea - Nguyễn Trọng Tuyển',
  product_description: 'Royaltea - Nguyễn Trọng Tuyển 329/13 Nguyễn Trọng Tuyển, P. 10, Quận Phú Nhuận, TP. HCM',
  product_image: 'https://images.foody.vn/res/g88/873348/prof/s640x400/foody-upload-api-foody-mobile-royaltea-png-181228163836.jpg',
  product_address: '329/13 Nguyễn Trọng Tuyển, P. 10, Quận Phú Nhuận, TP. HCM',
  createdAt: 2019-08-16T02:21:09.051Z,
  updatedAt: 2019-08-16T02:21:09.051Z,
  __v: 0 },{ _id: 5d561334e6bc5f3cf2ffffad,
  product_name: 'Nhà Hàng Chay Nấm',
  product_description: 'Royaltea - Nguyễn Trọng Tuyển 329/13 Nguyễn Trọng Tuyển, P. 10, Quận Phú Nhuận, TP. HCM',
  product_image: 'https://images.foody.vn/res/g68/671350/prof/s640x400/foody-upload-api-foody-mobile-17-jpg-180704172159.jpg',
  product_address: '0D Trần Nhật Duật, P. Tân Định, Quận 1, TP. HCM',
  createdAt: 2019-08-16T02:21:40.840Z,
  updatedAt: 2019-08-16T02:21:40.840Z,
  __v: 0 }
2019-08-16T05:03:20.218Z - [info]: [object Object]
2019-08-16T05:03:22.426Z - [info]: { _id: 5d561315e6bc5f3cf2ffffac,
  product_name: 'Royaltea - Nguyễn Trọng Tuyển',
  product_description: 'Royaltea - Nguyễn Trọng Tuyển 329/13 Nguyễn Trọng Tuyển, P. 10, Quận Phú Nhuận, TP. HCM',
  product_image: 'https://images.foody.vn/res/g88/873348/prof/s640x400/foody-upload-api-foody-mobile-royaltea-png-181228163836.jpg',
  product_address: '329/13 Nguyễn Trọng Tuyển, P. 10, Quận Phú Nhuận, TP. HCM',
  createdAt: 2019-08-16T02:21:09.051Z,
  updatedAt: 2019-08-16T02:21:09.051Z,
  __v: 0 },{ _id: 5d561334e6bc5f3cf2ffffad,
  product_name: 'Nhà Hàng Chay Nấm',
  product_description: 'Royaltea - Nguyễn Trọng Tuyển 329/13 Nguyễn Trọng Tuyển, P. 10, Quận Phú Nhuận, TP. HCM',
  product_image: 'https://images.foody.vn/res/g68/671350/prof/s640x400/foody-upload-api-foody-mobile-17-jpg-180704172159.jpg',
  product_address: '0D Trần Nhật Duật, P. Tân Định, Quận 1, TP. HCM',
  createdAt: 2019-08-16T02:21:40.840Z,
  updatedAt: 2019-08-16T02:21:40.840Z,
  __v: 0 }
2019-08-16T06:22:51.933Z - [info]: Listen port %s
2019-08-16T06:23:37.034Z - [info]: Listen port %s
2019-08-16T06:24:20.605Z - [info]: Listen port %s
2019-08-16T06:24:27.106Z - [info]: Listen port %s
2019-08-16T06:24:36.726Z - [info]: Listen port %s
2019-08-16T06:24:50.012Z - [info]: Listen port %s
2019-08-16T06:25:02.764Z - [info]: Listen port %s
2019-08-16T06:25:38.554Z - [info]: { _id: 5d561315e6bc5f3cf2ffffac,
  product_name: 'Royaltea - Nguyễn Trọng Tuyển',
  product_description: 'Royaltea - Nguyễn Trọng Tuyển 329/13 Nguyễn Trọng Tuyển, P. 10, Quận Phú Nhuận, TP. HCM',
  product_image: 'https://images.foody.vn/res/g88/873348/prof/s640x400/foody-upload-api-foody-mobile-royaltea-png-181228163836.jpg',
  product_address: '329/13 Nguyễn Trọng Tuyển, P. 10, Quận Phú Nhuận, TP. HCM',
  createdAt: 2019-08-16T02:21:09.051Z,
  updatedAt: 2019-08-16T02:21:09.051Z,
  __v: 0 },{ _id: 5d561334e6bc5f3cf2ffffad,
  product_name: 'Nhà Hàng Chay Nấm',
  product_description: 'Royaltea - Nguyễn Trọng Tuyển 329/13 Nguyễn Trọng Tuyển, P. 10, Quận Phú Nhuận, TP. HCM',
  product_image: 'https://images.foody.vn/res/g68/671350/prof/s640x400/foody-upload-api-foody-mobile-17-jpg-180704172159.jpg',
  product_address: '0D Trần Nhật Duật, P. Tân Định, Quận 1, TP. HCM',
  createdAt: 2019-08-16T02:21:40.840Z,
  updatedAt: 2019-08-16T02:21:40.840Z,
  __v: 0 }
2019-08-16T06:25:44.964Z - [info]: { _id: 5d561315e6bc5f3cf2ffffac,
  product_name: 'Royaltea - Nguyễn Trọng Tuyển',
  product_description: 'Royaltea - Nguyễn Trọng Tuyển 329/13 Nguyễn Trọng Tuyển, P. 10, Quận Phú Nhuận, TP. HCM',
  product_image: 'https://images.foody.vn/res/g88/873348/prof/s640x400/foody-upload-api-foody-mobile-royaltea-png-181228163836.jpg',
  product_address: '329/13 Nguyễn Trọng Tuyển, P. 10, Quận Phú Nhuận, TP. HCM',
  createdAt: 2019-08-16T02:21:09.051Z,
  updatedAt: 2019-08-16T02:21:09.051Z,
  __v: 0 },{ _id: 5d561334e6bc5f3cf2ffffad,
  product_name: 'Nhà Hàng Chay Nấm',
  product_description: 'Royaltea - Nguyễn Trọng Tuyển 329/13 Nguyễn Trọng Tuyển, P. 10, Quận Phú Nhuận, TP. HCM',
  product_image: 'https://images.foody.vn/res/g68/671350/prof/s640x400/foody-upload-api-foody-mobile-17-jpg-180704172159.jpg',
  product_address: '0D Trần Nhật Duật, P. Tân Định, Quận 1, TP. HCM',
  createdAt: 2019-08-16T02:21:40.840Z,
  updatedAt: 2019-08-16T02:21:40.840Z,
  __v: 0 }
2019-08-16T06:25:46.249Z - [info]: [object Object]
2019-08-16T06:25:47.451Z - [info]: { _id: 5d561315e6bc5f3cf2ffffac,
  product_name: 'Royaltea - Nguyễn Trọng Tuyển',
  product_description: 'Royaltea - Nguyễn Trọng Tuyển 329/13 Nguyễn Trọng Tuyển, P. 10, Quận Phú Nhuận, TP. HCM',
  product_image: 'https://images.foody.vn/res/g88/873348/prof/s640x400/foody-upload-api-foody-mobile-royaltea-png-181228163836.jpg',
  product_address: '329/13 Nguyễn Trọng Tuyển, P. 10, Quận Phú Nhuận, TP. HCM',
  createdAt: 2019-08-16T02:21:09.051Z,
  updatedAt: 2019-08-16T02:21:09.051Z,
  __v: 0 },{ _id: 5d561334e6bc5f3cf2ffffad,
  product_name: 'Nhà Hàng Chay Nấm',
  product_description: 'Royaltea - Nguyễn Trọng Tuyển 329/13 Nguyễn Trọng Tuyển, P. 10, Quận Phú Nhuận, TP. HCM',
  product_image: 'https://images.foody.vn/res/g68/671350/prof/s640x400/foody-upload-api-foody-mobile-17-jpg-180704172159.jpg',
  product_address: '0D Trần Nhật Duật, P. Tân Định, Quận 1, TP. HCM',
  createdAt: 2019-08-16T02:21:40.840Z,
  updatedAt: 2019-08-16T02:21:40.840Z,
  __v: 0 }
2019-08-16T06:28:17.072Z - [info]: Listen port %s
2019-08-16T06:28:22.816Z - [info]: { _id: 5d561315e6bc5f3cf2ffffac,
  product_name: 'Royaltea - Nguyễn Trọng Tuyển',
  product_description: 'Royaltea - Nguyễn Trọng Tuyển 329/13 Nguyễn Trọng Tuyển, P. 10, Quận Phú Nhuận, TP. HCM',
  product_image: 'https://images.foody.vn/res/g88/873348/prof/s640x400/foody-upload-api-foody-mobile-royaltea-png-181228163836.jpg',
  product_address: '329/13 Nguyễn Trọng Tuyển, P. 10, Quận Phú Nhuận, TP. HCM',
  createdAt: 2019-08-16T02:21:09.051Z,
  updatedAt: 2019-08-16T02:21:09.051Z,
  __v: 0 },{ _id: 5d561334e6bc5f3cf2ffffad,
  product_name: 'Nhà Hàng Chay Nấm',
  product_description: 'Royaltea - Nguyễn Trọng Tuyển 329/13 Nguyễn Trọng Tuyển, P. 10, Quận Phú Nhuận, TP. HCM',
  product_image: 'https://images.foody.vn/res/g68/671350/prof/s640x400/foody-upload-api-foody-mobile-17-jpg-180704172159.jpg',
  product_address: '0D Trần Nhật Duật, P. Tân Định, Quận 1, TP. HCM',
  createdAt: 2019-08-16T02:21:40.840Z,
  updatedAt: 2019-08-16T02:21:40.840Z,
  __v: 0 }
2019-08-16T07:20:40.345Z - [info]: { _id: 5d561315e6bc5f3cf2ffffac,
  product_name: 'Royaltea - Nguyễn Trọng Tuyển',
  product_description: 'Royaltea - Nguyễn Trọng Tuyển 329/13 Nguyễn Trọng Tuyển, P. 10, Quận Phú Nhuận, TP. HCM',
  product_image: 'https://images.foody.vn/res/g88/873348/prof/s640x400/foody-upload-api-foody-mobile-royaltea-png-181228163836.jpg',
  product_address: '329/13 Nguyễn Trọng Tuyển, P. 10, Quận Phú Nhuận, TP. HCM',
  createdAt: 2019-08-16T02:21:09.051Z,
  updatedAt: 2019-08-16T02:21:09.051Z,
  __v: 0 },{ _id: 5d561334e6bc5f3cf2ffffad,
  product_name: 'Nhà Hàng Chay Nấm',
  product_description: 'Royaltea - Nguyễn Trọng Tuyển 329/13 Nguyễn Trọng Tuyển, P. 10, Quận Phú Nhuận, TP. HCM',
  product_image: 'https://images.foody.vn/res/g68/671350/prof/s640x400/foody-upload-api-foody-mobile-17-jpg-180704172159.jpg',
  product_address: '0D Trần Nhật Duật, P. Tân Định, Quận 1, TP. HCM',
  createdAt: 2019-08-16T02:21:40.840Z,
  updatedAt: 2019-08-16T02:21:40.840Z,
  __v: 0 }
2019-08-16T07:26:05.199Z - [info]: Listen port %s
2019-08-16T07:26:15.805Z - [info]: { _id: 5d561315e6bc5f3cf2ffffac,
  product_name: 'Royaltea - Nguyễn Trọng Tuyển',
  product_description: 'Royaltea - Nguyễn Trọng Tuyển 329/13 Nguyễn Trọng Tuyển, P. 10, Quận Phú Nhuận, TP. HCM',
  product_image: 'https://images.foody.vn/res/g88/873348/prof/s640x400/foody-upload-api-foody-mobile-royaltea-png-181228163836.jpg',
  product_address: '329/13 Nguyễn Trọng Tuyển, P. 10, Quận Phú Nhuận, TP. HCM',
  createdAt: 2019-08-16T02:21:09.051Z,
  updatedAt: 2019-08-16T02:21:09.051Z,
  __v: 0 },{ _id: 5d561334e6bc5f3cf2ffffad,
  product_name: 'Nhà Hàng Chay Nấm',
  product_description: 'Royaltea - Nguyễn Trọng Tuyển 329/13 Nguyễn Trọng Tuyển, P. 10, Quận Phú Nhuận, TP. HCM',
  product_image: 'https://images.foody.vn/res/g68/671350/prof/s640x400/foody-upload-api-foody-mobile-17-jpg-180704172159.jpg',
  product_address: '0D Trần Nhật Duật, P. Tân Định, Quận 1, TP. HCM',
  createdAt: 2019-08-16T02:21:40.840Z,
  updatedAt: 2019-08-16T02:21:40.840Z,
  __v: 0 }
2019-08-16T07:26:21.754Z - [info]: Listen port %s
2019-08-16T07:26:24.163Z - [info]: Listen port %s
2019-08-16T07:26:24.456Z - [info]: { _id: 5d561315e6bc5f3cf2ffffac,
  product_name: 'Royaltea - Nguyễn Trọng Tuyển',
  product_description: 'Royaltea - Nguyễn Trọng Tuyển 329/13 Nguyễn Trọng Tuyển, P. 10, Quận Phú Nhuận, TP. HCM',
  product_image: 'https://images.foody.vn/res/g88/873348/prof/s640x400/foody-upload-api-foody-mobile-royaltea-png-181228163836.jpg',
  product_address: '329/13 Nguyễn Trọng Tuyển, P. 10, Quận Phú Nhuận, TP. HCM',
  createdAt: 2019-08-16T02:21:09.051Z,
  updatedAt: 2019-08-16T02:21:09.051Z,
  __v: 0 },{ _id: 5d561334e6bc5f3cf2ffffad,
  product_name: 'Nhà Hàng Chay Nấm',
  product_description: 'Royaltea - Nguyễn Trọng Tuyển 329/13 Nguyễn Trọng Tuyển, P. 10, Quận Phú Nhuận, TP. HCM',
  product_image: 'https://images.foody.vn/res/g68/671350/prof/s640x400/foody-upload-api-foody-mobile-17-jpg-180704172159.jpg',
  product_address: '0D Trần Nhật Duật, P. Tân Định, Quận 1, TP. HCM',
  createdAt: 2019-08-16T02:21:40.840Z,
  updatedAt: 2019-08-16T02:21:40.840Z,
  __v: 0 }
2019-08-16T07:39:13.998Z - [info]: { _id: 5d561315e6bc5f3cf2ffffac,
  product_name: 'Royaltea - Nguyễn Trọng Tuyển',
  product_description: 'Royaltea - Nguyễn Trọng Tuyển 329/13 Nguyễn Trọng Tuyển, P. 10, Quận Phú Nhuận, TP. HCM',
  product_image: 'https://images.foody.vn/res/g88/873348/prof/s640x400/foody-upload-api-foody-mobile-royaltea-png-181228163836.jpg',
  product_address: '329/13 Nguyễn Trọng Tuyển, P. 10, Quận Phú Nhuận, TP. HCM',
  createdAt: 2019-08-16T02:21:09.051Z,
  updatedAt: 2019-08-16T02:21:09.051Z,
  __v: 0 },{ _id: 5d561334e6bc5f3cf2ffffad,
  product_name: 'Nhà Hàng Chay Nấm',
  product_description: 'Royaltea - Nguyễn Trọng Tuyển 329/13 Nguyễn Trọng Tuyển, P. 10, Quận Phú Nhuận, TP. HCM',
  product_image: 'https://images.foody.vn/res/g68/671350/prof/s640x400/foody-upload-api-foody-mobile-17-jpg-180704172159.jpg',
  product_address: '0D Trần Nhật Duật, P. Tân Định, Quận 1, TP. HCM',
  createdAt: 2019-08-16T02:21:40.840Z,
  updatedAt: 2019-08-16T02:21:40.840Z,
  __v: 0 }
2019-08-16T07:39:55.861Z - [info]: { _id: 5d561315e6bc5f3cf2ffffac,
  product_name: 'Royaltea - Nguyễn Trọng Tuyển',
  product_description: 'Royaltea - Nguyễn Trọng Tuyển 329/13 Nguyễn Trọng Tuyển, P. 10, Quận Phú Nhuận, TP. HCM',
  product_image: 'https://images.foody.vn/res/g88/873348/prof/s640x400/foody-upload-api-foody-mobile-royaltea-png-181228163836.jpg',
  product_address: '329/13 Nguyễn Trọng Tuyển, P. 10, Quận Phú Nhuận, TP. HCM',
  createdAt: 2019-08-16T02:21:09.051Z,
  updatedAt: 2019-08-16T02:21:09.051Z,
  __v: 0 },{ _id: 5d561334e6bc5f3cf2ffffad,
  product_name: 'Nhà Hàng Chay Nấm',
  product_description: 'Royaltea - Nguyễn Trọng Tuyển 329/13 Nguyễn Trọng Tuyển, P. 10, Quận Phú Nhuận, TP. HCM',
  product_image: 'https://images.foody.vn/res/g68/671350/prof/s640x400/foody-upload-api-foody-mobile-17-jpg-180704172159.jpg',
  product_address: '0D Trần Nhật Duật, P. Tân Định, Quận 1, TP. HCM',
  createdAt: 2019-08-16T02:21:40.840Z,
  updatedAt: 2019-08-16T02:21:40.840Z,
  __v: 0 }
2019-08-16T07:40:42.642Z - [info]: { _id: 5d561315e6bc5f3cf2ffffac,
  product_name: 'Royaltea - Nguyễn Trọng Tuyển',
  product_description: 'Royaltea - Nguyễn Trọng Tuyển 329/13 Nguyễn Trọng Tuyển, P. 10, Quận Phú Nhuận, TP. HCM',
  product_image: 'https://images.foody.vn/res/g88/873348/prof/s640x400/foody-upload-api-foody-mobile-royaltea-png-181228163836.jpg',
  product_address: '329/13 Nguyễn Trọng Tuyển, P. 10, Quận Phú Nhuận, TP. HCM',
  createdAt: 2019-08-16T02:21:09.051Z,
  updatedAt: 2019-08-16T02:21:09.051Z,
  __v: 0 },{ _id: 5d561334e6bc5f3cf2ffffad,
  product_name: 'Nhà Hàng Chay Nấm',
  product_description: 'Royaltea - Nguyễn Trọng Tuyển 329/13 Nguyễn Trọng Tuyển, P. 10, Quận Phú Nhuận, TP. HCM',
  product_image: 'https://images.foody.vn/res/g68/671350/prof/s640x400/foody-upload-api-foody-mobile-17-jpg-180704172159.jpg',
  product_address: '0D Trần Nhật Duật, P. Tân Định, Quận 1, TP. HCM',
  createdAt: 2019-08-16T02:21:40.840Z,
  updatedAt: 2019-08-16T02:21:40.840Z,
  __v: 0 }
2019-08-16T07:40:57.222Z - [info]: Listen port %s
2019-08-16T07:40:57.766Z - [info]: { _id: 5d561315e6bc5f3cf2ffffac,
  product_name: 'Royaltea - Nguyễn Trọng Tuyển',
  product_description: 'Royaltea - Nguyễn Trọng Tuyển 329/13 Nguyễn Trọng Tuyển, P. 10, Quận Phú Nhuận, TP. HCM',
  product_image: 'https://images.foody.vn/res/g88/873348/prof/s640x400/foody-upload-api-foody-mobile-royaltea-png-181228163836.jpg',
  product_address: '329/13 Nguyễn Trọng Tuyển, P. 10, Quận Phú Nhuận, TP. HCM',
  createdAt: 2019-08-16T02:21:09.051Z,
  updatedAt: 2019-08-16T02:21:09.051Z,
  __v: 0 },{ _id: 5d561334e6bc5f3cf2ffffad,
  product_name: 'Nhà Hàng Chay Nấm',
  product_description: 'Royaltea - Nguyễn Trọng Tuyển 329/13 Nguyễn Trọng Tuyển, P. 10, Quận Phú Nhuận, TP. HCM',
  product_image: 'https://images.foody.vn/res/g68/671350/prof/s640x400/foody-upload-api-foody-mobile-17-jpg-180704172159.jpg',
  product_address: '0D Trần Nhật Duật, P. Tân Định, Quận 1, TP. HCM',
  createdAt: 2019-08-16T02:21:40.840Z,
  updatedAt: 2019-08-16T02:21:40.840Z,
  __v: 0 }
2019-08-16T07:40:59.081Z - [info]: { _id: 5d561315e6bc5f3cf2ffffac,
  product_name: 'Royaltea - Nguyễn Trọng Tuyển',
  product_description: 'Royaltea - Nguyễn Trọng Tuyển 329/13 Nguyễn Trọng Tuyển, P. 10, Quận Phú Nhuận, TP. HCM',
  product_image: 'https://images.foody.vn/res/g88/873348/prof/s640x400/foody-upload-api-foody-mobile-royaltea-png-181228163836.jpg',
  product_address: '329/13 Nguyễn Trọng Tuyển, P. 10, Quận Phú Nhuận, TP. HCM',
  createdAt: 2019-08-16T02:21:09.051Z,
  updatedAt: 2019-08-16T02:21:09.051Z,
  __v: 0 },{ _id: 5d561334e6bc5f3cf2ffffad,
  product_name: 'Nhà Hàng Chay Nấm',
  product_description: 'Royaltea - Nguyễn Trọng Tuyển 329/13 Nguyễn Trọng Tuyển, P. 10, Quận Phú Nhuận, TP. HCM',
  product_image: 'https://images.foody.vn/res/g68/671350/prof/s640x400/foody-upload-api-foody-mobile-17-jpg-180704172159.jpg',
  product_address: '0D Trần Nhật Duật, P. Tân Định, Quận 1, TP. HCM',
  createdAt: 2019-08-16T02:21:40.840Z,
  updatedAt: 2019-08-16T02:21:40.840Z,
  __v: 0 }
2019-08-16T07:51:03.063Z - [info]: { _id: 5d561315e6bc5f3cf2ffffac,
  product_name: 'Royaltea - Nguyễn Trọng Tuyển',
  product_description: 'Royaltea - Nguyễn Trọng Tuyển 329/13 Nguyễn Trọng Tuyển, P. 10, Quận Phú Nhuận, TP. HCM',
  product_image: 'https://images.foody.vn/res/g88/873348/prof/s640x400/foody-upload-api-foody-mobile-royaltea-png-181228163836.jpg',
  product_address: '329/13 Nguyễn Trọng Tuyển, P. 10, Quận Phú Nhuận, TP. HCM',
  createdAt: 2019-08-16T02:21:09.051Z,
  updatedAt: 2019-08-16T02:21:09.051Z,
  __v: 0 },{ _id: 5d561334e6bc5f3cf2ffffad,
  product_name: 'Nhà Hàng Chay Nấm',
  product_description: 'Royaltea - Nguyễn Trọng Tuyển 329/13 Nguyễn Trọng Tuyển, P. 10, Quận Phú Nhuận, TP. HCM',
  product_image: 'https://images.foody.vn/res/g68/671350/prof/s640x400/foody-upload-api-foody-mobile-17-jpg-180704172159.jpg',
  product_address: '0D Trần Nhật Duật, P. Tân Định, Quận 1, TP. HCM',
  createdAt: 2019-08-16T02:21:40.840Z,
  updatedAt: 2019-08-16T02:21:40.840Z,
  __v: 0 }
2019-08-16T08:09:59.622Z - [info]: Listen port %s
2019-08-16T08:56:52.773Z - [info]: Listen port %s
2019-08-16T09:08:55.399Z - [info]: Listen port %s
2019-08-16T09:10:45.638Z - [info]: { _id: 5d561315e6bc5f3cf2ffffac,
  product_name: 'Royaltea - Nguyễn Trọng Tuyển',
  product_description: 'Royaltea - Nguyễn Trọng Tuyển 329/13 Nguyễn Trọng Tuyển, P. 10, Quận Phú Nhuận, TP. HCM',
  product_image: 'https://images.foody.vn/res/g88/873348/prof/s640x400/foody-upload-api-foody-mobile-royaltea-png-181228163836.jpg',
  product_address: '329/13 Nguyễn Trọng Tuyển, P. 10, Quận Phú Nhuận, TP. HCM',
  createdAt: 2019-08-16T02:21:09.051Z,
  updatedAt: 2019-08-16T02:21:09.051Z,
  __v: 0 },{ _id: 5d561334e6bc5f3cf2ffffad,
  product_name: 'Nhà Hàng Chay Nấm',
  product_description: 'Royaltea - Nguyễn Trọng Tuyển 329/13 Nguyễn Trọng Tuyển, P. 10, Quận Phú Nhuận, TP. HCM',
  product_image: 'https://images.foody.vn/res/g68/671350/prof/s640x400/foody-upload-api-foody-mobile-17-jpg-180704172159.jpg',
  product_address: '0D Trần Nhật Duật, P. Tân Định, Quận 1, TP. HCM',
  createdAt: 2019-08-16T02:21:40.840Z,
  updatedAt: 2019-08-16T02:21:40.840Z,
  __v: 0 }
